# JRE version: Java(TM) SE Runtime Environment (8.0_141-b15) (build 1.8.0_141-b15)
# Java VM: Java HotSpot(TM) 64-Bit Server VM (25.141-b15 mixed mode windows-amd64 compressed oops)
Heap:
 PSYoungGen      total 230400K, used 4281K [0x00000000d5c00000, 0x00000000e5880000, 0x0000000100000000)
  eden space 212480K, 2% used [0x00000000d5c00000,0x00000000d602e760,0x00000000e2b80000)
  from space 17920K, 0% used [0x00000000e4700000,0x00000000e4700000,0x00000000e5880000)
  to   space 22016K, 0% used [0x00000000e2d80000,0x00000000e2d80000,0x00000000e4300000)
 ParOldGen       total 78336K, used 33566K [0x0000000081400000, 0x0000000086080000, 0x00000000d5c00000)
  object space 78336K, 42% used [0x0000000081400000,0x00000000834c78b8,0x0000000086080000)
 Metaspace       used 44962K, capacity 45664K, committed 72832K, reserved 1112064K
  class space    used 5821K, capacity 6074K, committed 10880K, reserved 1048576K
GC Heap History (10 events):
Event: 2192.594 GC heap before
{Heap before GC invocations=66 (full 3):
 PSYoungGen      total 216576K, used 216224K [0x00000000d5c00000, 0x00000000e4a00000, 0x0000000100000000)
  eden space 197632K, 100% used [0x00000000d5c00000,0x00000000e1d00000,0x00000000e1d00000)
  from space 18944K, 98% used [0x00000000e3780000,0x00000000e49a83d8,0x00000000e4a00000)
  to   space 22016K, 0% used [0x00000000e1f00000,0x00000000e1f00000,0x00000000e3480000)
 ParOldGen       total 64512K, used 53189K [0x0000000081400000, 0x0000000085300000, 0x00000000d5c00000)
  object space 64512K, 82% used [0x0000000081400000,0x00000000847f1450,0x0000000085300000)
 Metaspace       used 72626K, capacity 73770K, committed 74240K, reserved 1114112K
  class space    used 9825K, capacity 10179K, committed 10240K, reserved 1048576K
Event: 2192.606 GC heap after
Heap after GC invocations=66 (full 3):
 PSYoungGen      total 221696K, used 4672K [0x00000000d5c00000, 0x00000000e6680000, 0x0000000100000000)
  eden space 199680K, 0% used [0x00000000d5c00000,0x00000000d5c00000,0x00000000e1f00000)
  from space 22016K, 21% used [0x00000000e1f00000,0x00000000e2390010,0x00000000e3480000)
  to   space 20992K, 0% used [0x00000000e5200000,0x00000000e5200000,0x00000000e6680000)
 ParOldGen       total 64512K, used 55720K [0x0000000081400000, 0x0000000085300000, 0x00000000d5c00000)
  object space 64512K, 86% used [0x0000000081400000,0x0000000084a6a230,0x0000000085300000)
 Metaspace       used 72626K, capacity 73770K, committed 74240K, reserved 1114112K
  class space    used 9825K, capacity 10179K, committed 10240K, reserved 1048576K
}
Event: 2193.209 GC heap before
{Heap before GC invocations=67 (full 3):
 PSYoungGen      total 221696K, used 204352K [0x00000000d5c00000, 0x00000000e6680000, 0x0000000100000000)
  eden space 199680K, 100% used [0x00000000d5c00000,0x00000000e1f00000,0x00000000e1f00000)
  from space 22016K, 21% used [0x00000000e1f00000,0x00000000e2390010,0x00000000e3480000)
  to   space 20992K, 0% used [0x00000000e5200000,0x00000000e5200000,0x00000000e6680000)
 ParOldGen       total 64512K, used 55720K [0x0000000081400000, 0x0000000085300000, 0x00000000d5c00000)
  object space 64512K, 86% used [0x0000000081400000,0x0000000084a6a230,0x0000000085300000)
 Metaspace       used 72626K, capacity 73770K, committed 74240K, reserved 1114112K
  class space    used 9825K, capacity 10179K, committed 10240K, reserved 1048576K
Event: 2193.219 GC heap after
Heap after GC invocations=67 (full 3):
 PSYoungGen      total 252416K, used 4704K [0x00000000d5c00000, 0x00000000e6880000, 0x0000000100000000)
  eden space 231424K, 0% used [0x00000000d5c00000,0x00000000d5c00000,0x00000000e3e00000)
  from space 20992K, 22% used [0x00000000e5200000,0x00000000e5698000,0x00000000e6680000)
  to   space 20480K, 0% used [0x00000000e3e00000,0x00000000e3e00000,0x00000000e5200000)
 ParOldGen       total 64512K, used 58480K [0x0000000081400000, 0x0000000085300000, 0x00000000d5c00000)
  object space 64512K, 90% used [0x0000000081400000,0x0000000084d1c240,0x0000000085300000)
 Metaspace       used 72626K, capacity 73770K, committed 74240K, reserved 1114112K
  class space    used 9825K, capacity 10179K, committed 10240K, reserved 1048576K
}
Event: 2225.645 GC heap before
{Heap before GC invocations=68 (full 3):
 PSYoungGen      total 252416K, used 236128K [0x00000000d5c00000, 0x00000000e6880000, 0x0000000100000000)
  eden space 231424K, 100% used [0x00000000d5c00000,0x00000000e3e00000,0x00000000e3e00000)
  from space 20992K, 22% used [0x00000000e5200000,0x00000000e5698000,0x00000000e6680000)
  to   space 20480K, 0% used [0x00000000e3e00000,0x00000000e3e00000,0x00000000e5200000)
 ParOldGen       total 64512K, used 58480K [0x0000000081400000, 0x0000000085300000, 0x00000000d5c00000)
  object space 64512K, 90% used [0x0000000081400000,0x0000000084d1c240,0x0000000085300000)
 Metaspace       used 77061K, capacity 78246K, committed 78720K, reserved 1118208K
  class space    used 10480K, capacity 10829K, committed 10880K, reserved 1048576K
Event: 2225.655 GC heap after
Heap after GC invocations=68 (full 3):
 PSYoungGen      total 229888K, used 7684K [0x00000000d5c00000, 0x00000000e5980000, 0x0000000100000000)
  eden space 221696K, 0% used [0x00000000d5c00000,0x00000000d5c00000,0x00000000e3480000)
  from space 8192K, 93% used [0x00000000e3e00000,0x00000000e45813b8,0x00000000e4600000)
  to   space 18944K, 0% used [0x00000000e4700000,0x00000000e4700000,0x00000000e5980000)
 ParOldGen       total 64512K, used 59360K [0x0000000081400000, 0x0000000085300000, 0x00000000d5c00000)
  object space 64512K, 92% used [0x0000000081400000,0x0000000084df8240,0x0000000085300000)
 Metaspace       used 77061K, capacity 78246K, committed 78720K, reserved 1118208K
  class space    used 10480K, capacity 10829K, committed 10880K, reserved 1048576K
}
Event: 2257.723 GC heap before
{Heap before GC invocations=69 (full 3):
 PSYoungGen      total 229888K, used 229380K [0x00000000d5c00000, 0x00000000e5980000, 0x0000000100000000)
  eden space 221696K, 100% used [0x00000000d5c00000,0x00000000e3480000,0x00000000e3480000)
  from space 8192K, 93% used [0x00000000e3e00000,0x00000000e45813b8,0x00000000e4600000)
  to   space 18944K, 0% used [0x00000000e4700000,0x00000000e4700000,0x00000000e5980000)
 ParOldGen       total 64512K, used 59360K [0x0000000081400000, 0x0000000085300000, 0x00000000d5c00000)
  object space 64512K, 92% used [0x0000000081400000,0x0000000084df8240,0x0000000085300000)
 Metaspace       used 77191K, capacity 78396K, committed 78976K, reserved 1118208K
  class space    used 10498K, capacity 10874K, committed 10880K, reserved 1048576K
Event: 2257.737 GC heap after
Heap after GC invocations=69 (full 3):
 PSYoungGen      total 230400K, used 17827K [0x00000000d5c00000, 0x00000000e5880000, 0x0000000100000000)
  eden space 212480K, 0% used [0x00000000d5c00000,0x00000000d5c00000,0x00000000e2b80000)
  from space 17920K, 99% used [0x00000000e4700000,0x00000000e5868ec8,0x00000000e5880000)
  to   space 22016K, 0% used [0x00000000e2d80000,0x00000000e2d80000,0x00000000e4300000)
 ParOldGen       total 64512K, used 60852K [0x0000000081400000, 0x0000000085300000, 0x00000000d5c00000)
  object space 64512K, 94% used [0x0000000081400000,0x0000000084f6d280,0x0000000085300000)
 Metaspace       used 77191K, capacity 78396K, committed 78976K, reserved 1118208K
  class space    used 10498K, capacity 10874K, committed 10880K, reserved 1048576K
}
Event: 2257.737 GC heap before
{Heap before GC invocations=70 (full 4):
 PSYoungGen      total 230400K, used 17827K [0x00000000d5c00000, 0x00000000e5880000, 0x0000000100000000)
  eden space 212480K, 0% used [0x00000000d5c00000,0x00000000d5c00000,0x00000000e2b80000)
  from space 17920K, 99% used [0x00000000e4700000,0x00000000e5868ec8,0x00000000e5880000)
  to   space 22016K, 0% used [0x00000000e2d80000,0x00000000e2d80000,0x00000000e4300000)
 ParOldGen       total 64512K, used 60852K [0x0000000081400000, 0x0000000085300000, 0x00000000d5c00000)
  object space 64512K, 94% used [0x0000000081400000,0x0000000084f6d280,0x0000000085300000)
 Metaspace       used 77191K, capacity 78396K, committed 78976K, reserved 1118208K
  class space    used 10498K, capacity 10874K, committed 10880K, reserved 1048576K
Event: 2257.820 GC heap after
Heap after GC invocations=70 (full 4):
 PSYoungGen      total 230400K, used 0K [0x00000000d5c00000, 0x00000000e5880000, 0x0000000100000000)
  eden space 212480K, 0% used [0x00000000d5c00000,0x00000000d5c00000,0x00000000e2b80000)
  from space 17920K, 0% used [0x00000000e4700000,0x00000000e4700000,0x00000000e5880000)
  to   space 22016K, 0% used [0x00000000e2d80000,0x00000000e2d80000,0x00000000e4300000)
 ParOldGen       total 78336K, used 33566K [0x0000000081400000, 0x0000000086080000, 0x00000000d5c00000)
  object space 78336K, 42% used [0x0000000081400000,0x00000000834c78b8,0x0000000086080000)
 Metaspace       used 44962K, capacity 45664K, committed 72832K, reserved 1112064K
  class space    used 5821K, capacity 6074K, committed 10880K, reserved 1048576K
}

