# JRE version: Java(TM) SE Runtime Environment (8.0_141-b15) (build 1.8.0_141-b15)
# Java VM: Java HotSpot(TM) 64-Bit Server VM (25.141-b15 mixed mode windows-amd64 compressed oops)
Heap:
 PSYoungGen      total 361984K, used 7030K [0x00000000d5c00000, 0x00000000f8900000, 0x0000000100000000)
  eden space 356352K, 1% used [0x00000000d5c00000,0x00000000d62ddb30,0x00000000eb800000)
  from space 5632K, 0% used [0x00000000f5b00000,0x00000000f5b00000,0x00000000f6080000)
  to   space 28160K, 0% used [0x00000000f6d80000,0x00000000f6d80000,0x00000000f8900000)
 ParOldGen       total 72704K, used 14423K [0x0000000081400000, 0x0000000085b00000, 0x00000000d5c00000)
  object space 72704K, 19% used [0x0000000081400000,0x0000000082215c40,0x0000000085b00000)
 Metaspace       used 25569K, capacity 26060K, committed 31400K, reserved 1077248K
  class space    used 2965K, capacity 3146K, committed 4520K, reserved 1048576K
GC Heap History (10 events):
Event: 1854.815 GC heap before
{Heap before GC invocations=29 (full 1):
 PSYoungGen      total 358400K, used 358391K [0x00000000d5c00000, 0x00000000fa180000, 0x0000000100000000)
  eden space 339456K, 100% used [0x00000000d5c00000,0x00000000ea780000,0x00000000ea780000)
  from space 18944K, 99% used [0x00000000f8780000,0x00000000f99fdec8,0x00000000f9a00000)
  to   space 7680K, 0% used [0x00000000f9a00000,0x00000000f9a00000,0x00000000fa180000)
 ParOldGen       total 66048K, used 32461K [0x0000000081400000, 0x0000000085480000, 0x00000000d5c00000)
  object space 66048K, 49% used [0x0000000081400000,0x00000000833b37c0,0x0000000085480000)
 Metaspace       used 29508K, capacity 30132K, committed 30464K, reserved 1075200K
  class space    used 3564K, capacity 3770K, committed 3840K, reserved 1048576K
Event: 1854.832 GC heap after
Heap after GC invocations=29 (full 1):
 PSYoungGen      total 332288K, used 7664K [0x00000000d5c00000, 0x00000000fa180000, 0x0000000100000000)
  eden space 324608K, 0% used [0x00000000d5c00000,0x00000000d5c00000,0x00000000e9900000)
  from space 7680K, 99% used [0x00000000f9a00000,0x00000000fa17c130,0x00000000fa180000)
  to   space 25600K, 0% used [0x00000000f6f80000,0x00000000f6f80000,0x00000000f8880000)
 ParOldGen       total 66048K, used 37101K [0x0000000081400000, 0x0000000085480000, 0x00000000d5c00000)
  object space 66048K, 56% used [0x0000000081400000,0x000000008383b7c0,0x0000000085480000)
 Metaspace       used 29508K, capacity 30132K, committed 30464K, reserved 1075200K
  class space    used 3564K, capacity 3770K, committed 3840K, reserved 1048576K
}
Event: 1866.648 GC heap before
{Heap before GC invocations=30 (full 1):
 PSYoungGen      total 332288K, used 332272K [0x00000000d5c00000, 0x00000000fa180000, 0x0000000100000000)
  eden space 324608K, 100% used [0x00000000d5c00000,0x00000000e9900000,0x00000000e9900000)
  from space 7680K, 99% used [0x00000000f9a00000,0x00000000fa17c130,0x00000000fa180000)
  to   space 25600K, 0% used [0x00000000f6f80000,0x00000000f6f80000,0x00000000f8880000)
 ParOldGen       total 66048K, used 37101K [0x0000000081400000, 0x0000000085480000, 0x00000000d5c00000)
  object space 66048K, 56% used [0x0000000081400000,0x000000008383b7c0,0x0000000085480000)
 Metaspace       used 34233K, capacity 34926K, committed 35200K, reserved 1079296K
  class space    used 4234K, capacity 4461K, committed 4480K, reserved 1048576K
Event: 1866.676 GC heap after
Heap after GC invocations=30 (full 1):
 PSYoungGen      total 335872K, used 25596K [0x00000000d5c00000, 0x00000000f9a80000, 0x0000000100000000)
  eden space 310272K, 0% used [0x00000000d5c00000,0x00000000d5c00000,0x00000000e8b00000)
  from space 25600K, 99% used [0x00000000f6f80000,0x00000000f887f108,0x00000000f8880000)
  to   space 18432K, 0% used [0x00000000f8880000,0x00000000f8880000,0x00000000f9a80000)
 ParOldGen       total 66048K, used 37612K [0x0000000081400000, 0x0000000085480000, 0x00000000d5c00000)
  object space 66048K, 56% used [0x0000000081400000,0x00000000838bb120,0x0000000085480000)
 Metaspace       used 34233K, capacity 34926K, committed 35200K, reserved 1079296K
  class space    used 4234K, capacity 4461K, committed 4480K, reserved 1048576K
}
Event: 1867.905 GC heap before
{Heap before GC invocations=31 (full 1):
 PSYoungGen      total 335872K, used 335868K [0x00000000d5c00000, 0x00000000f9a80000, 0x0000000100000000)
  eden space 310272K, 100% used [0x00000000d5c00000,0x00000000e8b00000,0x00000000e8b00000)
  from space 25600K, 99% used [0x00000000f6f80000,0x00000000f887f108,0x00000000f8880000)
  to   space 18432K, 0% used [0x00000000f8880000,0x00000000f8880000,0x00000000f9a80000)
 ParOldGen       total 66048K, used 37612K [0x0000000081400000, 0x0000000085480000, 0x00000000d5c00000)
  object space 66048K, 56% used [0x0000000081400000,0x00000000838bb120,0x0000000085480000)
 Metaspace       used 34233K, capacity 34926K, committed 35200K, reserved 1079296K
  class space    used 4234K, capacity 4461K, committed 4480K, reserved 1048576K
Event: 1867.921 GC heap after
Heap after GC invocations=31 (full 1):
 PSYoungGen      total 309760K, used 12360K [0x00000000d5c00000, 0x00000000f9500000, 0x0000000100000000)
  eden space 296960K, 0% used [0x00000000d5c00000,0x00000000d5c00000,0x00000000e7e00000)
  from space 12800K, 96% used [0x00000000f8880000,0x00000000f94921b0,0x00000000f9500000)
  to   space 29696K, 0% used [0x00000000f5b00000,0x00000000f5b00000,0x00000000f7800000)
 ParOldGen       total 66048K, used 37684K [0x0000000081400000, 0x0000000085480000, 0x00000000d5c00000)
  object space 66048K, 57% used [0x0000000081400000,0x00000000838cd160,0x0000000085480000)
 Metaspace       used 34233K, capacity 34926K, committed 35200K, reserved 1079296K
  class space    used 4234K, capacity 4461K, committed 4480K, reserved 1048576K
}
Event: 1868.444 GC heap before
{Heap before GC invocations=32 (full 1):
 PSYoungGen      total 309760K, used 217768K [0x00000000d5c00000, 0x00000000f9500000, 0x0000000100000000)
  eden space 296960K, 69% used [0x00000000d5c00000,0x00000000e2498008,0x00000000e7e00000)
  from space 12800K, 96% used [0x00000000f8880000,0x00000000f94921b0,0x00000000f9500000)
  to   space 29696K, 0% used [0x00000000f5b00000,0x00000000f5b00000,0x00000000f7800000)
 ParOldGen       total 66048K, used 37684K [0x0000000081400000, 0x0000000085480000, 0x00000000d5c00000)
  object space 66048K, 57% used [0x0000000081400000,0x00000000838cd160,0x0000000085480000)
 Metaspace       used 34653K, capacity 35284K, committed 35496K, reserved 1081344K
  class space    used 4293K, capacity 4494K, committed 4520K, reserved 1048576K
Event: 1868.457 GC heap after
Heap after GC invocations=32 (full 1):
 PSYoungGen      total 361984K, used 5237K [0x00000000d5c00000, 0x00000000f8900000, 0x0000000100000000)
  eden space 356352K, 0% used [0x00000000d5c00000,0x00000000d5c00000,0x00000000eb800000)
  from space 5632K, 92% used [0x00000000f5b00000,0x00000000f601d5b8,0x00000000f6080000)
  to   space 28160K, 0% used [0x00000000f6d80000,0x00000000f6d80000,0x00000000f8900000)
 ParOldGen       total 66048K, used 37943K [0x0000000081400000, 0x0000000085480000, 0x00000000d5c00000)
  object space 66048K, 57% used [0x0000000081400000,0x000000008390dee0,0x0000000085480000)
 Metaspace       used 34653K, capacity 35284K, committed 35496K, reserved 1081344K
  class space    used 4293K, capacity 4494K, committed 4520K, reserved 1048576K
}
Event: 1868.457 GC heap before
{Heap before GC invocations=33 (full 2):
 PSYoungGen      total 361984K, used 5237K [0x00000000d5c00000, 0x00000000f8900000, 0x0000000100000000)
  eden space 356352K, 0% used [0x00000000d5c00000,0x00000000d5c00000,0x00000000eb800000)
  from space 5632K, 92% used [0x00000000f5b00000,0x00000000f601d5b8,0x00000000f6080000)
  to   space 28160K, 0% used [0x00000000f6d80000,0x00000000f6d80000,0x00000000f8900000)
 ParOldGen       total 66048K, used 37943K [0x0000000081400000, 0x0000000085480000, 0x00000000d5c00000)
  object space 66048K, 57% used [0x0000000081400000,0x000000008390dee0,0x0000000085480000)
 Metaspace       used 34653K, capacity 35284K, committed 35496K, reserved 1081344K
  class space    used 4293K, capacity 4494K, committed 4520K, reserved 1048576K
Event: 1868.512 GC heap after
Heap after GC invocations=33 (full 2):
 PSYoungGen      total 361984K, used 0K [0x00000000d5c00000, 0x00000000f8900000, 0x0000000100000000)
  eden space 356352K, 0% used [0x00000000d5c00000,0x00000000d5c00000,0x00000000eb800000)
  from space 5632K, 0% used [0x00000000f5b00000,0x00000000f5b00000,0x00000000f6080000)
  to   space 28160K, 0% used [0x00000000f6d80000,0x00000000f6d80000,0x00000000f8900000)
 ParOldGen       total 72704K, used 14423K [0x0000000081400000, 0x0000000085b00000, 0x00000000d5c00000)
  object space 72704K, 19% used [0x0000000081400000,0x0000000082215c40,0x0000000085b00000)
 Metaspace       used 25479K, capacity 25964K, committed 31400K, reserved 1077248K
  class space    used 2954K, capacity 3114K, committed 4520K, reserved 1048576K
}

