# JRE version: Java(TM) SE Runtime Environment (8.0_141-b15) (build 1.8.0_141-b15)
# Java VM: Java HotSpot(TM) 64-Bit Server VM (25.141-b15 mixed mode windows-amd64 compressed oops)
Heap:
 PSYoungGen      total 450560K, used 8831K [0x00000000d5c00000, 0x00000000fc900000, 0x0000000100000000)
  eden space 446464K, 1% used [0x00000000d5c00000,0x00000000d649fc80,0x00000000f1000000)
  from space 4096K, 0% used [0x00000000f9500000,0x00000000f9500000,0x00000000f9900000)
  to   space 30720K, 0% used [0x00000000fab00000,0x00000000fab00000,0x00000000fc900000)
 ParOldGen       total 71168K, used 18090K [0x0000000081400000, 0x0000000085980000, 0x00000000d5c00000)
  object space 71168K, 25% used [0x0000000081400000,0x00000000825aaaf8,0x0000000085980000)
 Metaspace       used 25648K, capacity 26054K, committed 33448K, reserved 1079296K
  class space    used 3006K, capacity 3145K, committed 4608K, reserved 1048576K
GC Heap History (10 events):
Event: 857.790 GC heap before
{Heap before GC invocations=19 (full 1):
 PSYoungGen      total 554496K, used 554493K [0x00000000d5c00000, 0x00000000fe200000, 0x0000000100000000)
  eden space 538624K, 100% used [0x00000000d5c00000,0x00000000f6a00000,0x00000000f6a00000)
  from space 15872K, 99% used [0x00000000fc300000,0x00000000fd27f420,0x00000000fd280000)
  to   space 15872K, 0% used [0x00000000fd280000,0x00000000fd280000,0x00000000fe200000)
 ParOldGen       total 66560K, used 23224K [0x0000000081400000, 0x0000000085500000, 0x00000000d5c00000)
  object space 66560K, 34% used [0x0000000081400000,0x0000000082aae168,0x0000000085500000)
 Metaspace       used 29099K, capacity 29520K, committed 29824K, reserved 1075200K
  class space    used 3547K, capacity 3696K, committed 3712K, reserved 1048576K
Event: 857.804 GC heap after
Heap after GC invocations=19 (full 1):
 PSYoungGen      total 523776K, used 9418K [0x00000000d5c00000, 0x00000000fdc00000, 0x0000000100000000)
  eden space 514048K, 0% used [0x00000000d5c00000,0x00000000d5c00000,0x00000000f5200000)
  from space 9728K, 96% used [0x00000000fd280000,0x00000000fdbb2a00,0x00000000fdc00000)
  to   space 19968K, 0% used [0x00000000fb500000,0x00000000fb500000,0x00000000fc880000)
 ParOldGen       total 66560K, used 23368K [0x0000000081400000, 0x0000000085500000, 0x00000000d5c00000)
  object space 66560K, 35% used [0x0000000081400000,0x0000000082ad2208,0x0000000085500000)
 Metaspace       used 29099K, capacity 29520K, committed 29824K, reserved 1075200K
  class space    used 3547K, capacity 3696K, committed 3712K, reserved 1048576K
}
Event: 859.752 GC heap before
{Heap before GC invocations=20 (full 1):
 PSYoungGen      total 523776K, used 523466K [0x00000000d5c00000, 0x00000000fdc00000, 0x0000000100000000)
  eden space 514048K, 100% used [0x00000000d5c00000,0x00000000f5200000,0x00000000f5200000)
  from space 9728K, 96% used [0x00000000fd280000,0x00000000fdbb2a00,0x00000000fdc00000)
  to   space 19968K, 0% used [0x00000000fb500000,0x00000000fb500000,0x00000000fc880000)
 ParOldGen       total 66560K, used 23368K [0x0000000081400000, 0x0000000085500000, 0x00000000d5c00000)
  object space 66560K, 35% used [0x0000000081400000,0x0000000082ad2208,0x0000000085500000)
 Metaspace       used 29228K, capacity 29768K, committed 30208K, reserved 1075200K
  class space    used 3560K, capacity 3736K, committed 3840K, reserved 1048576K
Event: 859.775 GC heap after
Heap after GC invocations=20 (full 1):
 PSYoungGen      total 510464K, used 19949K [0x00000000d5c00000, 0x00000000fd300000, 0x0000000100000000)
  eden space 490496K, 0% used [0x00000000d5c00000,0x00000000d5c00000,0x00000000f3b00000)
  from space 19968K, 99% used [0x00000000fb500000,0x00000000fc87b680,0x00000000fc880000)
  to   space 10752K, 0% used [0x00000000fc880000,0x00000000fc880000,0x00000000fd300000)
 ParOldGen       total 66560K, used 30716K [0x0000000081400000, 0x0000000085500000, 0x00000000d5c00000)
  object space 66560K, 46% used [0x0000000081400000,0x00000000831ff338,0x0000000085500000)
 Metaspace       used 29228K, capacity 29768K, committed 30208K, reserved 1075200K
  class space    used 3560K, capacity 3736K, committed 3840K, reserved 1048576K
}
Event: 872.326 GC heap before
{Heap before GC invocations=21 (full 1):
 PSYoungGen      total 510464K, used 510445K [0x00000000d5c00000, 0x00000000fd300000, 0x0000000100000000)
  eden space 490496K, 100% used [0x00000000d5c00000,0x00000000f3b00000,0x00000000f3b00000)
  from space 19968K, 99% used [0x00000000fb500000,0x00000000fc87b680,0x00000000fc880000)
  to   space 10752K, 0% used [0x00000000fc880000,0x00000000fc880000,0x00000000fd300000)
 ParOldGen       total 66560K, used 30716K [0x0000000081400000, 0x0000000085500000, 0x00000000d5c00000)
  object space 66560K, 46% used [0x0000000081400000,0x00000000831ff338,0x0000000085500000)
 Metaspace       used 33891K, capacity 34492K, committed 34944K, reserved 1079296K
  class space    used 4230K, capacity 4426K, committed 4480K, reserved 1048576K
Event: 872.349 GC heap after
Heap after GC invocations=21 (full 1):
 PSYoungGen      total 478720K, used 10734K [0x00000000d5c00000, 0x00000000fd300000, 0x0000000100000000)
  eden space 467968K, 0% used [0x00000000d5c00000,0x00000000d5c00000,0x00000000f2500000)
  from space 10752K, 99% used [0x00000000fc880000,0x00000000fd2fbbe8,0x00000000fd300000)
  to   space 31744K, 0% used [0x00000000f9500000,0x00000000f9500000,0x00000000fb400000)
 ParOldGen       total 66560K, used 48269K [0x0000000081400000, 0x0000000085500000, 0x00000000d5c00000)
  object space 66560K, 72% used [0x0000000081400000,0x00000000843235f8,0x0000000085500000)
 Metaspace       used 33891K, capacity 34492K, committed 34944K, reserved 1079296K
  class space    used 4230K, capacity 4426K, committed 4480K, reserved 1048576K
}
Event: 873.464 GC heap before
{Heap before GC invocations=22 (full 1):
 PSYoungGen      total 478720K, used 404353K [0x00000000d5c00000, 0x00000000fd300000, 0x0000000100000000)
  eden space 467968K, 84% used [0x00000000d5c00000,0x00000000edc649c8,0x00000000f2500000)
  from space 10752K, 99% used [0x00000000fc880000,0x00000000fd2fbbe8,0x00000000fd300000)
  to   space 31744K, 0% used [0x00000000f9500000,0x00000000f9500000,0x00000000fb400000)
 ParOldGen       total 66560K, used 48269K [0x0000000081400000, 0x0000000085500000, 0x00000000d5c00000)
  object space 66560K, 72% used [0x0000000081400000,0x00000000843235f8,0x0000000085500000)
 Metaspace       used 34575K, capacity 35106K, committed 35496K, reserved 1081344K
  class space    used 4333K, capacity 4523K, committed 4608K, reserved 1048576K
Event: 873.473 GC heap after
Heap after GC invocations=22 (full 1):
 PSYoungGen      total 450560K, used 4087K [0x00000000d5c00000, 0x00000000fc900000, 0x0000000100000000)
  eden space 446464K, 0% used [0x00000000d5c00000,0x00000000d5c00000,0x00000000f1000000)
  from space 4096K, 99% used [0x00000000f9500000,0x00000000f98fdea8,0x00000000f9900000)
  to   space 30720K, 0% used [0x00000000fab00000,0x00000000fab00000,0x00000000fc900000)
 ParOldGen       total 66560K, used 49838K [0x0000000081400000, 0x0000000085500000, 0x00000000d5c00000)
  object space 66560K, 74% used [0x0000000081400000,0x00000000844ab808,0x0000000085500000)
 Metaspace       used 34575K, capacity 35106K, committed 35496K, reserved 1081344K
  class space    used 4333K, capacity 4523K, committed 4608K, reserved 1048576K
}
Event: 873.473 GC heap before
{Heap before GC invocations=23 (full 2):
 PSYoungGen      total 450560K, used 4087K [0x00000000d5c00000, 0x00000000fc900000, 0x0000000100000000)
  eden space 446464K, 0% used [0x00000000d5c00000,0x00000000d5c00000,0x00000000f1000000)
  from space 4096K, 99% used [0x00000000f9500000,0x00000000f98fdea8,0x00000000f9900000)
  to   space 30720K, 0% used [0x00000000fab00000,0x00000000fab00000,0x00000000fc900000)
 ParOldGen       total 66560K, used 49838K [0x0000000081400000, 0x0000000085500000, 0x00000000d5c00000)
  object space 66560K, 74% used [0x0000000081400000,0x00000000844ab808,0x0000000085500000)
 Metaspace       used 34575K, capacity 35106K, committed 35496K, reserved 1081344K
  class space    used 4333K, capacity 4523K, committed 4608K, reserved 1048576K
Event: 873.524 GC heap after
Heap after GC invocations=23 (full 2):
 PSYoungGen      total 450560K, used 0K [0x00000000d5c00000, 0x00000000fc900000, 0x0000000100000000)
  eden space 446464K, 0% used [0x00000000d5c00000,0x00000000d5c00000,0x00000000f1000000)
  from space 4096K, 0% used [0x00000000f9500000,0x00000000f9500000,0x00000000f9900000)
  to   space 30720K, 0% used [0x00000000fab00000,0x00000000fab00000,0x00000000fc900000)
 ParOldGen       total 71168K, used 18090K [0x0000000081400000, 0x0000000085980000, 0x00000000d5c00000)
  object space 71168K, 25% used [0x0000000081400000,0x00000000825aaaf8,0x0000000085980000)
 Metaspace       used 25526K, capacity 25926K, committed 33448K, reserved 1079296K
  class space    used 2994K, capacity 3145K, committed 4608K, reserved 1048576K
}

