# JRE version: Java(TM) SE Runtime Environment (8.0_141-b15) (build 1.8.0_141-b15)
# Java VM: Java HotSpot(TM) 64-Bit Server VM (25.141-b15 mixed mode windows-amd64 compressed oops)
Heap:
 PSYoungGen      total 376320K, used 7926K [0x00000000d5c00000, 0x00000000fa400000, 0x0000000100000000)
  eden space 370688K, 2% used [0x00000000d5c00000,0x00000000d63bd9e0,0x00000000ec600000)
  from space 5632K, 0% used [0x00000000f7f00000,0x00000000f7f00000,0x00000000f8480000)
  to   space 30208K, 0% used [0x00000000f8680000,0x00000000f8680000,0x00000000fa400000)
 ParOldGen       total 69632K, used 16859K [0x0000000081400000, 0x0000000085800000, 0x00000000d5c00000)
  object space 69632K, 24% used [0x0000000081400000,0x0000000082476c60,0x0000000085800000)
 Metaspace       used 25747K, capacity 26126K, committed 33448K, reserved 1079296K
  class space    used 3064K, capacity 3237K, committed 4608K, reserved 1048576K
GC Heap History (10 events):
Event: 1357.869 GC heap before
{Heap before GC invocations=23 (full 1):
 PSYoungGen      total 460288K, used 460258K [0x00000000d5c00000, 0x00000000fc480000, 0x0000000100000000)
  eden space 445440K, 100% used [0x00000000d5c00000,0x00000000f0f00000,0x00000000f0f00000)
  from space 14848K, 99% used [0x00000000fad00000,0x00000000fbb788a0,0x00000000fbb80000)
  to   space 9216K, 0% used [0x00000000fbb80000,0x00000000fbb80000,0x00000000fc480000)
 ParOldGen       total 66048K, used 24644K [0x0000000081400000, 0x0000000085480000, 0x00000000d5c00000)
  object space 66048K, 37% used [0x0000000081400000,0x0000000082c11268,0x0000000085480000)
 Metaspace       used 28858K, capacity 29374K, committed 29696K, reserved 1075200K
  class space    used 3559K, capacity 3761K, committed 3840K, reserved 1048576K
Event: 1357.895 GC heap after
Heap after GC invocations=23 (full 1):
 PSYoungGen      total 434688K, used 9202K [0x00000000d5c00000, 0x00000000fc480000, 0x0000000100000000)
  eden space 425472K, 0% used [0x00000000d5c00000,0x00000000d5c00000,0x00000000efb80000)
  from space 9216K, 99% used [0x00000000fbb80000,0x00000000fc47caf0,0x00000000fc480000)
  to   space 26624K, 0% used [0x00000000f9080000,0x00000000f9080000,0x00000000faa80000)
 ParOldGen       total 66048K, used 42008K [0x0000000081400000, 0x0000000085480000, 0x00000000d5c00000)
  object space 66048K, 63% used [0x0000000081400000,0x0000000083d06080,0x0000000085480000)
 Metaspace       used 28858K, capacity 29374K, committed 29696K, reserved 1075200K
  class space    used 3559K, capacity 3761K, committed 3840K, reserved 1048576K
}
Event: 1358.988 GC heap before
{Heap before GC invocations=24 (full 1):
 PSYoungGen      total 434688K, used 434674K [0x00000000d5c00000, 0x00000000fc480000, 0x0000000100000000)
  eden space 425472K, 100% used [0x00000000d5c00000,0x00000000efb80000,0x00000000efb80000)
  from space 9216K, 99% used [0x00000000fbb80000,0x00000000fc47caf0,0x00000000fc480000)
  to   space 26624K, 0% used [0x00000000f9080000,0x00000000f9080000,0x00000000faa80000)
 ParOldGen       total 66048K, used 42008K [0x0000000081400000, 0x0000000085480000, 0x00000000d5c00000)
  object space 66048K, 63% used [0x0000000081400000,0x0000000083d06080,0x0000000085480000)
 Metaspace       used 28956K, capacity 29502K, committed 29952K, reserved 1075200K
  class space    used 3567K, capacity 3761K, committed 3840K, reserved 1048576K
Event: 1359.003 GC heap after
Heap after GC invocations=24 (full 1):
 PSYoungGen      total 412160K, used 5285K [0x00000000d5c00000, 0x00000000fbc00000, 0x0000000100000000)
  eden space 406528K, 0% used [0x00000000d5c00000,0x00000000d5c00000,0x00000000ee900000)
  from space 5632K, 93% used [0x00000000f9080000,0x00000000f95a9698,0x00000000f9600000)
  to   space 25088K, 0% used [0x00000000fa380000,0x00000000fa380000,0x00000000fbc00000)
 ParOldGen       total 66048K, used 42032K [0x0000000081400000, 0x0000000085480000, 0x00000000d5c00000)
  object space 66048K, 63% used [0x0000000081400000,0x0000000083d0c080,0x0000000085480000)
 Metaspace       used 28956K, capacity 29502K, committed 29952K, reserved 1075200K
  class space    used 3567K, capacity 3761K, committed 3840K, reserved 1048576K
}
Event: 1371.134 GC heap before
{Heap before GC invocations=25 (full 1):
 PSYoungGen      total 412160K, used 411813K [0x00000000d5c00000, 0x00000000fbc00000, 0x0000000100000000)
  eden space 406528K, 100% used [0x00000000d5c00000,0x00000000ee900000,0x00000000ee900000)
  from space 5632K, 93% used [0x00000000f9080000,0x00000000f95a9698,0x00000000f9600000)
  to   space 25088K, 0% used [0x00000000fa380000,0x00000000fa380000,0x00000000fbc00000)
 ParOldGen       total 66048K, used 42032K [0x0000000081400000, 0x0000000085480000, 0x00000000d5c00000)
  object space 66048K, 63% used [0x0000000081400000,0x0000000083d0c080,0x0000000085480000)
 Metaspace       used 33473K, capacity 34016K, committed 34432K, reserved 1079296K
  class space    used 4227K, capacity 4448K, committed 4480K, reserved 1048576K
Event: 1371.158 GC heap after
Heap after GC invocations=25 (full 1):
 PSYoungGen      total 413184K, used 25079K [0x00000000d5c00000, 0x00000000fbc00000, 0x0000000100000000)
  eden space 388096K, 0% used [0x00000000d5c00000,0x00000000d5c00000,0x00000000ed700000)
  from space 25088K, 99% used [0x00000000fa380000,0x00000000fbbfdd50,0x00000000fbc00000)
  to   space 31232K, 0% used [0x00000000f7f00000,0x00000000f7f00000,0x00000000f9d80000)
 ParOldGen       total 66048K, used 46332K [0x0000000081400000, 0x0000000085480000, 0x00000000d5c00000)
  object space 66048K, 70% used [0x0000000081400000,0x000000008413f1b0,0x0000000085480000)
 Metaspace       used 33473K, capacity 34016K, committed 34432K, reserved 1079296K
  class space    used 4227K, capacity 4448K, committed 4480K, reserved 1048576K
}
Event: 1372.092 GC heap before
{Heap before GC invocations=26 (full 1):
 PSYoungGen      total 413184K, used 345718K [0x00000000d5c00000, 0x00000000fbc00000, 0x0000000100000000)
  eden space 388096K, 82% used [0x00000000d5c00000,0x00000000e951fd80,0x00000000ed700000)
  from space 25088K, 99% used [0x00000000fa380000,0x00000000fbbfdd50,0x00000000fbc00000)
  to   space 31232K, 0% used [0x00000000f7f00000,0x00000000f7f00000,0x00000000f9d80000)
 ParOldGen       total 66048K, used 46332K [0x0000000081400000, 0x0000000085480000, 0x00000000d5c00000)
  object space 66048K, 70% used [0x0000000081400000,0x000000008413f1b0,0x0000000085480000)
 Metaspace       used 34582K, capacity 35110K, committed 35496K, reserved 1081344K
  class space    used 4383K, capacity 4577K, committed 4608K, reserved 1048576K
Event: 1372.103 GC heap after
Heap after GC invocations=26 (full 1):
 PSYoungGen      total 376320K, used 5540K [0x00000000d5c00000, 0x00000000fa400000, 0x0000000100000000)
  eden space 370688K, 0% used [0x00000000d5c00000,0x00000000d5c00000,0x00000000ec600000)
  from space 5632K, 98% used [0x00000000f7f00000,0x00000000f84691e0,0x00000000f8480000)
  to   space 30208K, 0% used [0x00000000f8680000,0x00000000f8680000,0x00000000fa400000)
 ParOldGen       total 66048K, used 47676K [0x0000000081400000, 0x0000000085480000, 0x00000000d5c00000)
  object space 66048K, 72% used [0x0000000081400000,0x000000008428f350,0x0000000085480000)
 Metaspace       used 34582K, capacity 35110K, committed 35496K, reserved 1081344K
  class space    used 4383K, capacity 4577K, committed 4608K, reserved 1048576K
}
Event: 1372.103 GC heap before
{Heap before GC invocations=27 (full 2):
 PSYoungGen      total 376320K, used 5540K [0x00000000d5c00000, 0x00000000fa400000, 0x0000000100000000)
  eden space 370688K, 0% used [0x00000000d5c00000,0x00000000d5c00000,0x00000000ec600000)
  from space 5632K, 98% used [0x00000000f7f00000,0x00000000f84691e0,0x00000000f8480000)
  to   space 30208K, 0% used [0x00000000f8680000,0x00000000f8680000,0x00000000fa400000)
 ParOldGen       total 66048K, used 47676K [0x0000000081400000, 0x0000000085480000, 0x00000000d5c00000)
  object space 66048K, 72% used [0x0000000081400000,0x000000008428f350,0x0000000085480000)
 Metaspace       used 34582K, capacity 35110K, committed 35496K, reserved 1081344K
  class space    used 4383K, capacity 4577K, committed 4608K, reserved 1048576K
Event: 1372.148 GC heap after
Heap after GC invocations=27 (full 2):
 PSYoungGen      total 376320K, used 0K [0x00000000d5c00000, 0x00000000fa400000, 0x0000000100000000)
  eden space 370688K, 0% used [0x00000000d5c00000,0x00000000d5c00000,0x00000000ec600000)
  from space 5632K, 0% used [0x00000000f7f00000,0x00000000f7f00000,0x00000000f8480000)
  to   space 30208K, 0% used [0x00000000f8680000,0x00000000f8680000,0x00000000fa400000)
 ParOldGen       total 69632K, used 16859K [0x0000000081400000, 0x0000000085800000, 0x00000000d5c00000)
  object space 69632K, 24% used [0x0000000081400000,0x0000000082476c60,0x0000000085800000)
 Metaspace       used 25599K, capacity 25966K, committed 33448K, reserved 1079296K
  class space    used 3048K, capacity 3205K, committed 4608K, reserved 1048576K
}

