# JRE version: Java(TM) SE Runtime Environment (8.0_141-b15) (build 1.8.0_141-b15)
# Java VM: Java HotSpot(TM) 64-Bit Server VM (25.141-b15 mixed mode windows-amd64 compressed oops)
Heap:
 PSYoungGen      total 547840K, used 3045K [0x00000000d5c00000, 0x00000000fe900000, 0x0000000100000000)
  eden space 538112K, 0% used [0x00000000d5c00000,0x00000000d5ef9500,0x00000000f6980000)
  from space 9728K, 0% used [0x00000000fc100000,0x00000000fc100000,0x00000000fca80000)
  to   space 23552K, 0% used [0x00000000fd200000,0x00000000fd200000,0x00000000fe900000)
 ParOldGen       total 77824K, used 23852K [0x0000000081400000, 0x0000000086000000, 0x00000000d5c00000)
  object space 77824K, 30% used [0x0000000081400000,0x0000000082b4b148,0x0000000086000000)
 Metaspace       used 34837K, capacity 35348K, committed 35880K, reserved 1081344K
  class space    used 4457K, capacity 4634K, committed 4736K, reserved 1048576K
GC Heap History (10 events):
Event: 432.288 GC heap before
{Heap before GC invocations=15 (full 1):
 PSYoungGen      total 666112K, used 651200K [0x00000000d5c00000, 0x0000000100000000, 0x0000000100000000)
  eden space 650752K, 100% used [0x00000000d5c00000,0x00000000fd780000,0x00000000fd780000)
  from space 15360K, 2% used [0x00000000fd780000,0x00000000fd7f0000,0x00000000fe680000)
  to   space 15872K, 0% used [0x00000000ff080000,0x00000000ff080000,0x0000000100000000)
 ParOldGen       total 66560K, used 19339K [0x0000000081400000, 0x0000000085500000, 0x00000000d5c00000)
  object space 66560K, 29% used [0x0000000081400000,0x00000000826e2fb8,0x0000000085500000)
 Metaspace       used 23723K, capacity 24202K, committed 24576K, reserved 1071104K
  class space    used 2880K, capacity 3007K, committed 3072K, reserved 1048576K
Event: 432.300 GC heap after
Heap after GC invocations=15 (full 1):
 PSYoungGen      total 627200K, used 6639K [0x00000000d5c00000, 0x00000000ff700000, 0x0000000100000000)
  eden space 620544K, 0% used [0x00000000d5c00000,0x00000000d5c00000,0x00000000fba00000)
  from space 6656K, 99% used [0x00000000ff080000,0x00000000ff6fbfe0,0x00000000ff700000)
  to   space 14848K, 0% used [0x00000000fda00000,0x00000000fda00000,0x00000000fe880000)
 ParOldGen       total 66560K, used 19379K [0x0000000081400000, 0x0000000085500000, 0x00000000d5c00000)
  object space 66560K, 29% used [0x0000000081400000,0x00000000826ecfb8,0x0000000085500000)
 Metaspace       used 23723K, capacity 24202K, committed 24576K, reserved 1071104K
  class space    used 2880K, capacity 3007K, committed 3072K, reserved 1048576K
}
Event: 435.382 GC heap before
{Heap before GC invocations=16 (full 1):
 PSYoungGen      total 627200K, used 627183K [0x00000000d5c00000, 0x00000000ff700000, 0x0000000100000000)
  eden space 620544K, 100% used [0x00000000d5c00000,0x00000000fba00000,0x00000000fba00000)
  from space 6656K, 99% used [0x00000000ff080000,0x00000000ff6fbfe0,0x00000000ff700000)
  to   space 14848K, 0% used [0x00000000fda00000,0x00000000fda00000,0x00000000fe880000)
 ParOldGen       total 66560K, used 19379K [0x0000000081400000, 0x0000000085500000, 0x00000000d5c00000)
  object space 66560K, 29% used [0x0000000081400000,0x00000000826ecfb8,0x0000000085500000)
 Metaspace       used 24718K, capacity 25200K, committed 25472K, reserved 1071104K
  class space    used 3011K, capacity 3168K, committed 3200K, reserved 1048576K
Event: 435.423 GC heap after
Heap after GC invocations=16 (full 1):
 PSYoungGen      total 606720K, used 14837K [0x00000000d5c00000, 0x00000000ff100000, 0x0000000100000000)
  eden space 591872K, 0% used [0x00000000d5c00000,0x00000000d5c00000,0x00000000f9e00000)
  from space 14848K, 99% used [0x00000000fda00000,0x00000000fe87d6b8,0x00000000fe880000)
  to   space 8704K, 0% used [0x00000000fe880000,0x00000000fe880000,0x00000000ff100000)
 ParOldGen       total 66560K, used 20647K [0x0000000081400000, 0x0000000085500000, 0x00000000d5c00000)
  object space 66560K, 31% used [0x0000000081400000,0x0000000082829db8,0x0000000085500000)
 Metaspace       used 24718K, capacity 25200K, committed 25472K, reserved 1071104K
  class space    used 3011K, capacity 3168K, committed 3200K, reserved 1048576K
}
Event: 470.569 GC heap before
{Heap before GC invocations=17 (full 1):
 PSYoungGen      total 606720K, used 606709K [0x00000000d5c00000, 0x00000000ff100000, 0x0000000100000000)
  eden space 591872K, 100% used [0x00000000d5c00000,0x00000000f9e00000,0x00000000f9e00000)
  from space 14848K, 99% used [0x00000000fda00000,0x00000000fe87d6b8,0x00000000fe880000)
  to   space 8704K, 0% used [0x00000000fe880000,0x00000000fe880000,0x00000000ff100000)
 ParOldGen       total 66560K, used 20647K [0x0000000081400000, 0x0000000085500000, 0x00000000d5c00000)
  object space 66560K, 31% used [0x0000000081400000,0x0000000082829db8,0x0000000085500000)
 Metaspace       used 29502K, capacity 30040K, committed 30336K, reserved 1075200K
  class space    used 3684K, capacity 3856K, committed 3968K, reserved 1048576K
Event: 470.614 GC heap after
Heap after GC invocations=17 (full 1):
 PSYoungGen      total 572928K, used 8672K [0x00000000d5c00000, 0x00000000ff100000, 0x0000000100000000)
  eden space 564224K, 0% used [0x00000000d5c00000,0x00000000d5c00000,0x00000000f8300000)
  from space 8704K, 99% used [0x00000000fe880000,0x00000000ff0f8010,0x00000000ff100000)
  to   space 24576K, 0% used [0x00000000fc100000,0x00000000fc100000,0x00000000fd900000)
 ParOldGen       total 66560K, used 41873K [0x0000000081400000, 0x0000000085500000, 0x00000000d5c00000)
  object space 66560K, 62% used [0x0000000081400000,0x0000000083ce47a0,0x0000000085500000)
 Metaspace       used 29502K, capacity 30040K, committed 30336K, reserved 1075200K
  class space    used 3684K, capacity 3856K, committed 3968K, reserved 1048576K
}
Event: 478.511 GC heap before
{Heap before GC invocations=18 (full 1):
 PSYoungGen      total 572928K, used 309384K [0x00000000d5c00000, 0x00000000ff100000, 0x0000000100000000)
  eden space 564224K, 53% used [0x00000000d5c00000,0x00000000e81aa2c8,0x00000000f8300000)
  from space 8704K, 99% used [0x00000000fe880000,0x00000000ff0f8010,0x00000000ff100000)
  to   space 24576K, 0% used [0x00000000fc100000,0x00000000fc100000,0x00000000fd900000)
 ParOldGen       total 66560K, used 41873K [0x0000000081400000, 0x0000000085500000, 0x00000000d5c00000)
  object space 66560K, 62% used [0x0000000081400000,0x0000000083ce47a0,0x0000000085500000)
 Metaspace       used 34776K, capacity 35252K, committed 35496K, reserved 1081344K
  class space    used 4448K, capacity 4602K, committed 4608K, reserved 1048576K
Event: 478.527 GC heap after
Heap after GC invocations=18 (full 1):
 PSYoungGen      total 547840K, used 9255K [0x00000000d5c00000, 0x00000000fe900000, 0x0000000100000000)
  eden space 538112K, 0% used [0x00000000d5c00000,0x00000000d5c00000,0x00000000f6980000)
  from space 9728K, 95% used [0x00000000fc100000,0x00000000fca09c10,0x00000000fca80000)
  to   space 23552K, 0% used [0x00000000fd200000,0x00000000fd200000,0x00000000fe900000)
 ParOldGen       total 66560K, used 43471K [0x0000000081400000, 0x0000000085500000, 0x00000000d5c00000)
  object space 66560K, 65% used [0x0000000081400000,0x0000000083e73db0,0x0000000085500000)
 Metaspace       used 34776K, capacity 35252K, committed 35496K, reserved 1081344K
  class space    used 4448K, capacity 4602K, committed 4608K, reserved 1048576K
}
Event: 478.527 GC heap before
{Heap before GC invocations=19 (full 2):
 PSYoungGen      total 547840K, used 9255K [0x00000000d5c00000, 0x00000000fe900000, 0x0000000100000000)
  eden space 538112K, 0% used [0x00000000d5c00000,0x00000000d5c00000,0x00000000f6980000)
  from space 9728K, 95% used [0x00000000fc100000,0x00000000fca09c10,0x00000000fca80000)
  to   space 23552K, 0% used [0x00000000fd200000,0x00000000fd200000,0x00000000fe900000)
 ParOldGen       total 66560K, used 43471K [0x0000000081400000, 0x0000000085500000, 0x00000000d5c00000)
  object space 66560K, 65% used [0x0000000081400000,0x0000000083e73db0,0x0000000085500000)
 Metaspace       used 34776K, capacity 35252K, committed 35496K, reserved 1081344K
  class space    used 4448K, capacity 4602K, committed 4608K, reserved 1048576K
Event: 478.583 GC heap after
Heap after GC invocations=19 (full 2):
 PSYoungGen      total 547840K, used 0K [0x00000000d5c00000, 0x00000000fe900000, 0x0000000100000000)
  eden space 538112K, 0% used [0x00000000d5c00000,0x00000000d5c00000,0x00000000f6980000)
  from space 9728K, 0% used [0x00000000fc100000,0x00000000fc100000,0x00000000fca80000)
  to   space 23552K, 0% used [0x00000000fd200000,0x00000000fd200000,0x00000000fe900000)
 ParOldGen       total 77824K, used 23852K [0x0000000081400000, 0x0000000086000000, 0x00000000d5c00000)
  object space 77824K, 30% used [0x0000000081400000,0x0000000082b4b148,0x0000000086000000)
 Metaspace       used 34776K, capacity 35252K, committed 35496K, reserved 1081344K
  class space    used 4448K, capacity 4602K, committed 4608K, reserved 1048576K
}

