# JRE version: Java(TM) SE Runtime Environment (8.0_141-b15) (build 1.8.0_141-b15)
# Java VM: Java HotSpot(TM) 64-Bit Server VM (25.141-b15 mixed mode windows-amd64 compressed oops)
Heap:
 PSYoungGen      total 560128K, used 11043K [0x00000000d5c00000, 0x00000000fd800000, 0x0000000100000000)
  eden space 556544K, 1% used [0x00000000d5c00000,0x00000000d66c8dc0,0x00000000f7b80000)
  from space 3584K, 0% used [0x00000000fb900000,0x00000000fb900000,0x00000000fbc80000)
  to   space 27648K, 0% used [0x00000000fbd00000,0x00000000fbd00000,0x00000000fd800000)
 ParOldGen       total 69632K, used 18054K [0x0000000081400000, 0x0000000085800000, 0x00000000d5c00000)
  object space 69632K, 25% used [0x0000000081400000,0x00000000825a1938,0x0000000085800000)
 Metaspace       used 30255K, capacity 30680K, committed 35496K, reserved 1081344K
  class space    used 3766K, capacity 3920K, committed 4608K, reserved 1048576K
GC Heap History (10 events):
Event: 96.223 GC heap before
{Heap before GC invocations=15 (full 1):
 PSYoungGen      total 673792K, used 667795K [0x00000000d5c00000, 0x0000000100000000, 0x0000000100000000)
  eden space 655872K, 100% used [0x00000000d5c00000,0x00000000fdc80000,0x00000000fdc80000)
  from space 17920K, 66% used [0x00000000fdc80000,0x00000000fe824e68,0x00000000fee00000)
  to   space 18432K, 0% used [0x00000000fee00000,0x00000000fee00000,0x0000000100000000)
 ParOldGen       total 67584K, used 23447K [0x0000000081400000, 0x0000000085600000, 0x00000000d5c00000)
  object space 67584K, 34% used [0x0000000081400000,0x0000000082ae5d90,0x0000000085600000)
 Metaspace       used 28404K, capacity 28864K, committed 29440K, reserved 1075200K
  class space    used 3549K, capacity 3724K, committed 3840K, reserved 1048576K
Event: 96.258 GC heap after
Heap after GC invocations=15 (full 1):
 PSYoungGen      total 660480K, used 18431K [0x00000000d5c00000, 0x0000000100000000, 0x0000000100000000)
  eden space 642048K, 0% used [0x00000000d5c00000,0x00000000d5c00000,0x00000000fcf00000)
  from space 18432K, 99% used [0x00000000fee00000,0x00000000ffffff28,0x0000000100000000)
  to   space 25088K, 0% used [0x00000000fcf00000,0x00000000fcf00000,0x00000000fe780000)
 ParOldGen       total 67584K, used 35087K [0x0000000081400000, 0x0000000085600000, 0x00000000d5c00000)
  object space 67584K, 51% used [0x0000000081400000,0x0000000083643ec0,0x0000000085600000)
 Metaspace       used 28404K, capacity 28864K, committed 29440K, reserved 1075200K
  class space    used 3549K, capacity 3724K, committed 3840K, reserved 1048576K
}
Event: 244.764 GC heap before
{Heap before GC invocations=16 (full 1):
 PSYoungGen      total 660480K, used 660479K [0x00000000d5c00000, 0x0000000100000000, 0x0000000100000000)
  eden space 642048K, 100% used [0x00000000d5c00000,0x00000000fcf00000,0x00000000fcf00000)
  from space 18432K, 99% used [0x00000000fee00000,0x00000000ffffff28,0x0000000100000000)
  to   space 25088K, 0% used [0x00000000fcf00000,0x00000000fcf00000,0x00000000fe780000)
 ParOldGen       total 67584K, used 35087K [0x0000000081400000, 0x0000000085600000, 0x00000000d5c00000)
  object space 67584K, 51% used [0x0000000081400000,0x0000000083643ec0,0x0000000085600000)
 Metaspace       used 33946K, capacity 34434K, committed 35072K, reserved 1079296K
  class space    used 4336K, capacity 4503K, committed 4608K, reserved 1048576K
Event: 244.773 GC heap after
Heap after GC invocations=16 (full 1):
 PSYoungGen      total 621056K, used 8195K [0x00000000d5c00000, 0x00000000fee80000, 0x0000000100000000)
  eden space 612352K, 0% used [0x00000000d5c00000,0x00000000d5c00000,0x00000000fb200000)
  from space 8704K, 94% used [0x00000000fcf00000,0x00000000fd700e90,0x00000000fd780000)
  to   space 23552K, 0% used [0x00000000fd780000,0x00000000fd780000,0x00000000fee80000)
 ParOldGen       total 67584K, used 35963K [0x0000000081400000, 0x0000000085600000, 0x00000000d5c00000)
  object space 67584K, 53% used [0x0000000081400000,0x000000008371ecb0,0x0000000085600000)
 Metaspace       used 33946K, capacity 34434K, committed 35072K, reserved 1079296K
  class space    used 4336K, capacity 4503K, committed 4608K, reserved 1048576K
}
Event: 320.432 GC heap before
{Heap before GC invocations=17 (full 1):
 PSYoungGen      total 621056K, used 620547K [0x00000000d5c00000, 0x00000000fee80000, 0x0000000100000000)
  eden space 612352K, 100% used [0x00000000d5c00000,0x00000000fb200000,0x00000000fb200000)
  from space 8704K, 94% used [0x00000000fcf00000,0x00000000fd700e90,0x00000000fd780000)
  to   space 23552K, 0% used [0x00000000fd780000,0x00000000fd780000,0x00000000fee80000)
 ParOldGen       total 67584K, used 35963K [0x0000000081400000, 0x0000000085600000, 0x00000000d5c00000)
  object space 67584K, 53% used [0x0000000081400000,0x000000008371ecb0,0x0000000085600000)
 Metaspace       used 34160K, capacity 34682K, committed 35072K, reserved 1079296K
  class space    used 4352K, capacity 4543K, committed 4608K, reserved 1048576K
Event: 320.452 GC heap after
Heap after GC invocations=17 (full 1):
 PSYoungGen      total 606720K, used 22995K [0x00000000d5c00000, 0x00000000fee00000, 0x0000000100000000)
  eden space 583680K, 0% used [0x00000000d5c00000,0x00000000d5c00000,0x00000000f9600000)
  from space 23040K, 99% used [0x00000000fd780000,0x00000000fedf4c18,0x00000000fee00000)
  to   space 27136K, 0% used [0x00000000fb900000,0x00000000fb900000,0x00000000fd380000)
 ParOldGen       total 67584K, used 37397K [0x0000000081400000, 0x0000000085600000, 0x00000000d5c00000)
  object space 67584K, 55% used [0x0000000081400000,0x0000000083885540,0x0000000085600000)
 Metaspace       used 34160K, capacity 34682K, committed 35072K, reserved 1079296K
  class space    used 4352K, capacity 4543K, committed 4608K, reserved 1048576K
}
Event: 321.280 GC heap before
{Heap before GC invocations=18 (full 1):
 PSYoungGen      total 606720K, used 332371K [0x00000000d5c00000, 0x00000000fee00000, 0x0000000100000000)
  eden space 583680K, 53% used [0x00000000d5c00000,0x00000000e8a20388,0x00000000f9600000)
  from space 23040K, 99% used [0x00000000fd780000,0x00000000fedf4c18,0x00000000fee00000)
  to   space 27136K, 0% used [0x00000000fb900000,0x00000000fb900000,0x00000000fd380000)
 ParOldGen       total 67584K, used 37397K [0x0000000081400000, 0x0000000085600000, 0x00000000d5c00000)
  object space 67584K, 55% used [0x0000000081400000,0x0000000083885540,0x0000000085600000)
 Metaspace       used 34621K, capacity 35136K, committed 35496K, reserved 1081344K
  class space    used 4418K, capacity 4608K, committed 4608K, reserved 1048576K
Event: 321.291 GC heap after
Heap after GC invocations=18 (full 1):
 PSYoungGen      total 560128K, used 3183K [0x00000000d5c00000, 0x00000000fd800000, 0x0000000100000000)
  eden space 556544K, 0% used [0x00000000d5c00000,0x00000000d5c00000,0x00000000f7b80000)
  from space 3584K, 88% used [0x00000000fb900000,0x00000000fbc1bee8,0x00000000fbc80000)
  to   space 27648K, 0% used [0x00000000fbd00000,0x00000000fbd00000,0x00000000fd800000)
 ParOldGen       total 67584K, used 37872K [0x0000000081400000, 0x0000000085600000, 0x00000000d5c00000)
  object space 67584K, 56% used [0x0000000081400000,0x00000000838fc320,0x0000000085600000)
 Metaspace       used 34621K, capacity 35136K, committed 35496K, reserved 1081344K
  class space    used 4418K, capacity 4608K, committed 4608K, reserved 1048576K
}
Event: 321.291 GC heap before
{Heap before GC invocations=19 (full 2):
 PSYoungGen      total 560128K, used 3183K [0x00000000d5c00000, 0x00000000fd800000, 0x0000000100000000)
  eden space 556544K, 0% used [0x00000000d5c00000,0x00000000d5c00000,0x00000000f7b80000)
  from space 3584K, 88% used [0x00000000fb900000,0x00000000fbc1bee8,0x00000000fbc80000)
  to   space 27648K, 0% used [0x00000000fbd00000,0x00000000fbd00000,0x00000000fd800000)
 ParOldGen       total 67584K, used 37872K [0x0000000081400000, 0x0000000085600000, 0x00000000d5c00000)
  object space 67584K, 56% used [0x0000000081400000,0x00000000838fc320,0x0000000085600000)
 Metaspace       used 34621K, capacity 35136K, committed 35496K, reserved 1081344K
  class space    used 4418K, capacity 4608K, committed 4608K, reserved 1048576K
Event: 321.344 GC heap after
Heap after GC invocations=19 (full 2):
 PSYoungGen      total 560128K, used 0K [0x00000000d5c00000, 0x00000000fd800000, 0x0000000100000000)
  eden space 556544K, 0% used [0x00000000d5c00000,0x00000000d5c00000,0x00000000f7b80000)
  from space 3584K, 0% used [0x00000000fb900000,0x00000000fb900000,0x00000000fbc80000)
  to   space 27648K, 0% used [0x00000000fbd00000,0x00000000fbd00000,0x00000000fd800000)
 ParOldGen       total 69632K, used 18054K [0x0000000081400000, 0x0000000085800000, 0x00000000d5c00000)
  object space 69632K, 25% used [0x0000000081400000,0x00000000825a1938,0x0000000085800000)
 Metaspace       used 30125K, capacity 30552K, committed 35496K, reserved 1081344K
  class space    used 3750K, capacity 3920K, committed 4608K, reserved 1048576K
}

