# JRE version: Java(TM) SE Runtime Environment (8.0_141-b15) (build 1.8.0_141-b15)
# Java VM: Java HotSpot(TM) 64-Bit Server VM (25.141-b15 mixed mode windows-amd64 compressed oops)
Heap:
 PSYoungGen      total 514560K, used 9982K [0x00000000d5c00000, 0x00000000fd000000, 0x0000000100000000)
  eden space 513024K, 1% used [0x00000000d5c00000,0x00000000d65bf978,0x00000000f5100000)
  from space 1536K, 0% used [0x00000000fce80000,0x00000000fce80000,0x00000000fd000000)
  to   space 30208K, 0% used [0x00000000f9500000,0x00000000f9500000,0x00000000fb280000)
 ParOldGen       total 76800K, used 13736K [0x0000000081400000, 0x0000000085f00000, 0x00000000d5c00000)
  object space 76800K, 17% used [0x0000000081400000,0x000000008216a1e8,0x0000000085f00000)
 Metaspace       used 25097K, capacity 25562K, committed 31400K, reserved 1077248K
  class space    used 2998K, capacity 3175K, committed 4608K, reserved 1048576K
GC Heap History (10 events):
Event: 328.671 GC heap before
{Heap before GC invocations=16 (full 1):
 PSYoungGen      total 635392K, used 635362K [0x00000000d5c00000, 0x0000000100000000, 0x0000000100000000)
  eden space 619520K, 100% used [0x00000000d5c00000,0x00000000fb900000,0x00000000fb900000)
  from space 15872K, 99% used [0x00000000ff080000,0x00000000ffff8938,0x0000000100000000)
  to   space 21504K, 0% used [0x00000000fd600000,0x00000000fd600000,0x00000000feb00000)
 ParOldGen       total 65536K, used 26785K [0x0000000081400000, 0x0000000085400000, 0x00000000d5c00000)
  object space 65536K, 40% used [0x0000000081400000,0x0000000082e285d8,0x0000000085400000)
 Metaspace       used 29280K, capacity 29846K, committed 30208K, reserved 1075200K
  class space    used 3633K, capacity 3829K, committed 3840K, reserved 1048576K
Event: 328.704 GC heap after
Heap after GC invocations=16 (full 1):
 PSYoungGen      total 612352K, used 21474K [0x00000000d5c00000, 0x00000000ff100000, 0x0000000100000000)
  eden space 590848K, 0% used [0x00000000d5c00000,0x00000000d5c00000,0x00000000f9d00000)
  from space 21504K, 99% used [0x00000000fd600000,0x00000000feaf8828,0x00000000feb00000)
  to   space 6144K, 0% used [0x00000000feb00000,0x00000000feb00000,0x00000000ff100000)
 ParOldGen       total 65536K, used 34298K [0x0000000081400000, 0x0000000085400000, 0x00000000d5c00000)
  object space 65536K, 52% used [0x0000000081400000,0x000000008357e8c0,0x0000000085400000)
 Metaspace       used 29280K, capacity 29846K, committed 30208K, reserved 1075200K
  class space    used 3633K, capacity 3829K, committed 3840K, reserved 1048576K
}
Event: 372.473 GC heap before
{Heap before GC invocations=17 (full 1):
 PSYoungGen      total 612352K, used 612322K [0x00000000d5c00000, 0x00000000ff100000, 0x0000000100000000)
  eden space 590848K, 100% used [0x00000000d5c00000,0x00000000f9d00000,0x00000000f9d00000)
  from space 21504K, 99% used [0x00000000fd600000,0x00000000feaf8828,0x00000000feb00000)
  to   space 6144K, 0% used [0x00000000feb00000,0x00000000feb00000,0x00000000ff100000)
 ParOldGen       total 65536K, used 34298K [0x0000000081400000, 0x0000000085400000, 0x00000000d5c00000)
  object space 65536K, 52% used [0x0000000081400000,0x000000008357e8c0,0x0000000085400000)
 Metaspace       used 33903K, capacity 34448K, committed 34816K, reserved 1079296K
  class space    used 4303K, capacity 4520K, committed 4608K, reserved 1048576K
Event: 372.495 GC heap after
Heap after GC invocations=17 (full 1):
 PSYoungGen      total 569856K, used 6127K [0x00000000d5c00000, 0x00000000ff100000, 0x0000000100000000)
  eden space 563712K, 0% used [0x00000000d5c00000,0x00000000d5c00000,0x00000000f8280000)
  from space 6144K, 99% used [0x00000000feb00000,0x00000000ff0fbdb0,0x00000000ff100000)
  to   space 28160K, 0% used [0x00000000fba00000,0x00000000fba00000,0x00000000fd580000)
 ParOldGen       total 65536K, used 45370K [0x0000000081400000, 0x0000000085400000, 0x00000000d5c00000)
  object space 65536K, 69% used [0x0000000081400000,0x000000008404ea88,0x0000000085400000)
 Metaspace       used 33903K, capacity 34448K, committed 34816K, reserved 1079296K
  class space    used 4303K, capacity 4520K, committed 4608K, reserved 1048576K
}
Event: 374.346 GC heap before
{Heap before GC invocations=18 (full 1):
 PSYoungGen      total 569856K, used 569839K [0x00000000d5c00000, 0x00000000ff100000, 0x0000000100000000)
  eden space 563712K, 100% used [0x00000000d5c00000,0x00000000f8280000,0x00000000f8280000)
  from space 6144K, 99% used [0x00000000feb00000,0x00000000ff0fbdb0,0x00000000ff100000)
  to   space 28160K, 0% used [0x00000000fba00000,0x00000000fba00000,0x00000000fd580000)
 ParOldGen       total 65536K, used 45370K [0x0000000081400000, 0x0000000085400000, 0x00000000d5c00000)
  object space 65536K, 69% used [0x0000000081400000,0x000000008404ea88,0x0000000085400000)
 Metaspace       used 33990K, capacity 34576K, committed 35072K, reserved 1079296K
  class space    used 4303K, capacity 4520K, committed 4608K, reserved 1048576K
Event: 374.369 GC heap after
Heap after GC invocations=18 (full 1):
 PSYoungGen      total 558592K, used 20904K [0x00000000d5c00000, 0x00000000feb80000, 0x0000000100000000)
  eden space 537600K, 0% used [0x00000000d5c00000,0x00000000d5c00000,0x00000000f6900000)
  from space 20992K, 99% used [0x00000000fba00000,0x00000000fce6a0d8,0x00000000fce80000)
  to   space 29696K, 0% used [0x00000000fce80000,0x00000000fce80000,0x00000000feb80000)
 ParOldGen       total 65536K, used 47595K [0x0000000081400000, 0x0000000085400000, 0x00000000d5c00000)
  object space 65536K, 72% used [0x0000000081400000,0x000000008427ac98,0x0000000085400000)
 Metaspace       used 33990K, capacity 34576K, committed 35072K, reserved 1079296K
  class space    used 4303K, capacity 4520K, committed 4608K, reserved 1048576K
}
Event: 374.549 GC heap before
{Heap before GC invocations=19 (full 1):
 PSYoungGen      total 558592K, used 79927K [0x00000000d5c00000, 0x00000000feb80000, 0x0000000100000000)
  eden space 537600K, 10% used [0x00000000d5c00000,0x00000000d95a3ea8,0x00000000f6900000)
  from space 20992K, 99% used [0x00000000fba00000,0x00000000fce6a0d8,0x00000000fce80000)
  to   space 29696K, 0% used [0x00000000fce80000,0x00000000fce80000,0x00000000feb80000)
 ParOldGen       total 65536K, used 47595K [0x0000000081400000, 0x0000000085400000, 0x00000000d5c00000)
  object space 65536K, 72% used [0x0000000081400000,0x000000008427ac98,0x0000000085400000)
 Metaspace       used 34626K, capacity 35158K, committed 35496K, reserved 1081344K
  class space    used 4394K, capacity 4585K, committed 4608K, reserved 1048576K
Event: 374.554 GC heap after
Heap after GC invocations=19 (full 1):
 PSYoungGen      total 514560K, used 1429K [0x00000000d5c00000, 0x00000000fd000000, 0x0000000100000000)
  eden space 513024K, 0% used [0x00000000d5c00000,0x00000000d5c00000,0x00000000f5100000)
  from space 1536K, 93% used [0x00000000fce80000,0x00000000fcfe57c8,0x00000000fd000000)
  to   space 30208K, 0% used [0x00000000f9500000,0x00000000f9500000,0x00000000fb280000)
 ParOldGen       total 65536K, used 48135K [0x0000000081400000, 0x0000000085400000, 0x00000000d5c00000)
  object space 65536K, 73% used [0x0000000081400000,0x0000000084301cc8,0x0000000085400000)
 Metaspace       used 34626K, capacity 35158K, committed 35496K, reserved 1081344K
  class space    used 4394K, capacity 4585K, committed 4608K, reserved 1048576K
}
Event: 374.554 GC heap before
{Heap before GC invocations=20 (full 2):
 PSYoungGen      total 514560K, used 1429K [0x00000000d5c00000, 0x00000000fd000000, 0x0000000100000000)
  eden space 513024K, 0% used [0x00000000d5c00000,0x00000000d5c00000,0x00000000f5100000)
  from space 1536K, 93% used [0x00000000fce80000,0x00000000fcfe57c8,0x00000000fd000000)
  to   space 30208K, 0% used [0x00000000f9500000,0x00000000f9500000,0x00000000fb280000)
 ParOldGen       total 65536K, used 48135K [0x0000000081400000, 0x0000000085400000, 0x00000000d5c00000)
  object space 65536K, 73% used [0x0000000081400000,0x0000000084301cc8,0x0000000085400000)
 Metaspace       used 34626K, capacity 35158K, committed 35496K, reserved 1081344K
  class space    used 4394K, capacity 4585K, committed 4608K, reserved 1048576K
Event: 374.596 GC heap after
Heap after GC invocations=20 (full 2):
 PSYoungGen      total 514560K, used 0K [0x00000000d5c00000, 0x00000000fd000000, 0x0000000100000000)
  eden space 513024K, 0% used [0x00000000d5c00000,0x00000000d5c00000,0x00000000f5100000)
  from space 1536K, 0% used [0x00000000fce80000,0x00000000fce80000,0x00000000fd000000)
  to   space 30208K, 0% used [0x00000000f9500000,0x00000000f9500000,0x00000000fb280000)
 ParOldGen       total 76800K, used 13736K [0x0000000081400000, 0x0000000085f00000, 0x00000000d5c00000)
  object space 76800K, 17% used [0x0000000081400000,0x000000008216a1e8,0x0000000085f00000)
 Metaspace       used 25032K, capacity 25466K, committed 31400K, reserved 1077248K
  class space    used 2986K, capacity 3143K, committed 4608K, reserved 1048576K
}

