# JRE version: Java(TM) SE Runtime Environment (8.0_141-b15) (build 1.8.0_141-b15)
# Java VM: Java HotSpot(TM) 64-Bit Server VM (25.141-b15 mixed mode windows-amd64 compressed oops)
Heap:
 PSYoungGen      total 545280K, used 10750K [0x00000000d5c00000, 0x00000000fe400000, 0x0000000100000000)
  eden space 539136K, 1% used [0x00000000d5c00000,0x00000000d667faf8,0x00000000f6a80000)
  from space 6144K, 0% used [0x00000000fb500000,0x00000000fb500000,0x00000000fbb00000)
  to   space 28160K, 0% used [0x00000000fc880000,0x00000000fc880000,0x00000000fe400000)
 ParOldGen       total 76288K, used 21014K [0x0000000081400000, 0x0000000085e80000, 0x00000000d5c00000)
  object space 76288K, 27% used [0x0000000081400000,0x0000000082885b58,0x0000000085e80000)
 Metaspace       used 31068K, capacity 31668K, committed 35496K, reserved 1081344K
  class space    used 3884K, capacity 4090K, committed 4608K, reserved 1048576K
GC Heap History (10 events):
Event: 253.133 GC heap before
{Heap before GC invocations=15 (full 1):
 PSYoungGen      total 666624K, used 666615K [0x00000000d5c00000, 0x0000000100000000, 0x0000000100000000)
  eden space 651776K, 100% used [0x00000000d5c00000,0x00000000fd880000,0x00000000fd880000)
  from space 14848K, 99% used [0x00000000fd880000,0x00000000fe6fddc8,0x00000000fe700000)
  to   space 19968K, 0% used [0x00000000fec80000,0x00000000fec80000,0x0000000100000000)
 ParOldGen       total 67584K, used 26256K [0x0000000081400000, 0x0000000085600000, 0x00000000d5c00000)
  object space 67584K, 38% used [0x0000000081400000,0x0000000082da4040,0x0000000085600000)
 Metaspace       used 28700K, capacity 29200K, committed 29568K, reserved 1075200K
  class space    used 3545K, capacity 3696K, committed 3712K, reserved 1048576K
Event: 253.146 GC heap after
Heap after GC invocations=15 (full 1):
 PSYoungGen      total 631808K, used 9836K [0x00000000d5c00000, 0x00000000ff680000, 0x0000000100000000)
  eden space 621568K, 0% used [0x00000000d5c00000,0x00000000d5c00000,0x00000000fbb00000)
  from space 10240K, 96% used [0x00000000fec80000,0x00000000ff61b318,0x00000000ff680000)
  to   space 19456K, 0% used [0x00000000fd080000,0x00000000fd080000,0x00000000fe380000)
 ParOldGen       total 67584K, used 26763K [0x0000000081400000, 0x0000000085600000, 0x00000000d5c00000)
  object space 67584K, 39% used [0x0000000081400000,0x0000000082e22e40,0x0000000085600000)
 Metaspace       used 28700K, capacity 29200K, committed 29568K, reserved 1075200K
  class space    used 3545K, capacity 3696K, committed 3712K, reserved 1048576K
}
Event: 307.466 GC heap before
{Heap before GC invocations=16 (full 1):
 PSYoungGen      total 631808K, used 631404K [0x00000000d5c00000, 0x00000000ff680000, 0x0000000100000000)
  eden space 621568K, 100% used [0x00000000d5c00000,0x00000000fbb00000,0x00000000fbb00000)
  from space 10240K, 96% used [0x00000000fec80000,0x00000000ff61b318,0x00000000ff680000)
  to   space 19456K, 0% used [0x00000000fd080000,0x00000000fd080000,0x00000000fe380000)
 ParOldGen       total 67584K, used 26763K [0x0000000081400000, 0x0000000085600000, 0x00000000d5c00000)
  object space 67584K, 39% used [0x0000000081400000,0x0000000082e22e40,0x0000000085600000)
 Metaspace       used 28847K, capacity 29384K, committed 29952K, reserved 1075200K
  class space    used 3560K, capacity 3736K, committed 3840K, reserved 1048576K
Event: 307.490 GC heap after
Heap after GC invocations=16 (full 1):
 PSYoungGen      total 612352K, used 19436K [0x00000000d5c00000, 0x00000000fed00000, 0x0000000100000000)
  eden space 592896K, 0% used [0x00000000d5c00000,0x00000000d5c00000,0x00000000f9f00000)
  from space 19456K, 99% used [0x00000000fd080000,0x00000000fe37b0d8,0x00000000fe380000)
  to   space 9728K, 0% used [0x00000000fe380000,0x00000000fe380000,0x00000000fed00000)
 ParOldGen       total 67584K, used 32992K [0x0000000081400000, 0x0000000085600000, 0x00000000d5c00000)
  object space 67584K, 48% used [0x0000000081400000,0x0000000083438388,0x0000000085600000)
 Metaspace       used 28847K, capacity 29384K, committed 29952K, reserved 1075200K
  class space    used 3560K, capacity 3736K, committed 3840K, reserved 1048576K
}
Event: 340.747 GC heap before
{Heap before GC invocations=17 (full 1):
 PSYoungGen      total 612352K, used 612332K [0x00000000d5c00000, 0x00000000fed00000, 0x0000000100000000)
  eden space 592896K, 100% used [0x00000000d5c00000,0x00000000f9f00000,0x00000000f9f00000)
  from space 19456K, 99% used [0x00000000fd080000,0x00000000fe37b0d8,0x00000000fe380000)
  to   space 9728K, 0% used [0x00000000fe380000,0x00000000fe380000,0x00000000fed00000)
 ParOldGen       total 67584K, used 32992K [0x0000000081400000, 0x0000000085600000, 0x00000000d5c00000)
  object space 67584K, 48% used [0x0000000081400000,0x0000000083438388,0x0000000085600000)
 Metaspace       used 32478K, capacity 33118K, committed 33536K, reserved 1079296K
  class space    used 4077K, capacity 4293K, committed 4352K, reserved 1048576K
Event: 340.776 GC heap after
Heap after GC invocations=17 (full 1):
 PSYoungGen      total 574976K, used 9714K [0x00000000d5c00000, 0x00000000fed00000, 0x0000000100000000)
  eden space 565248K, 0% used [0x00000000d5c00000,0x00000000d5c00000,0x00000000f8400000)
  from space 9728K, 99% used [0x00000000fe380000,0x00000000fecfcae0,0x00000000fed00000)
  to   space 28672K, 0% used [0x00000000fb500000,0x00000000fb500000,0x00000000fd100000)
 ParOldGen       total 67584K, used 49479K [0x0000000081400000, 0x0000000085600000, 0x00000000d5c00000)
  object space 67584K, 73% used [0x0000000081400000,0x0000000084451e60,0x0000000085600000)
 Metaspace       used 32478K, capacity 33118K, committed 33536K, reserved 1079296K
  class space    used 4077K, capacity 4293K, committed 4352K, reserved 1048576K
}
Event: 342.219 GC heap before
{Heap before GC invocations=18 (full 1):
 PSYoungGen      total 574976K, used 448497K [0x00000000d5c00000, 0x00000000fed00000, 0x0000000100000000)
  eden space 565248K, 77% used [0x00000000d5c00000,0x00000000f087fc60,0x00000000f8400000)
  from space 9728K, 99% used [0x00000000fe380000,0x00000000fecfcae0,0x00000000fed00000)
  to   space 28672K, 0% used [0x00000000fb500000,0x00000000fb500000,0x00000000fd100000)
 ParOldGen       total 67584K, used 49479K [0x0000000081400000, 0x0000000085600000, 0x00000000d5c00000)
  object space 67584K, 73% used [0x0000000081400000,0x0000000084451e60,0x0000000085600000)
 Metaspace       used 34525K, capacity 35076K, committed 35496K, reserved 1081344K
  class space    used 4392K, capacity 4582K, committed 4608K, reserved 1048576K
Event: 342.230 GC heap after
Heap after GC invocations=18 (full 1):
 PSYoungGen      total 545280K, used 6068K [0x00000000d5c00000, 0x00000000fe400000, 0x0000000100000000)
  eden space 539136K, 0% used [0x00000000d5c00000,0x00000000d5c00000,0x00000000f6a80000)
  from space 6144K, 98% used [0x00000000fb500000,0x00000000fbaed188,0x00000000fbb00000)
  to   space 28160K, 0% used [0x00000000fc880000,0x00000000fc880000,0x00000000fe400000)
 ParOldGen       total 67584K, used 50579K [0x0000000081400000, 0x0000000085600000, 0x00000000d5c00000)
  object space 67584K, 74% used [0x0000000081400000,0x0000000084564c60,0x0000000085600000)
 Metaspace       used 34525K, capacity 35076K, committed 35496K, reserved 1081344K
  class space    used 4392K, capacity 4582K, committed 4608K, reserved 1048576K
}
Event: 342.230 GC heap before
{Heap before GC invocations=19 (full 2):
 PSYoungGen      total 545280K, used 6068K [0x00000000d5c00000, 0x00000000fe400000, 0x0000000100000000)
  eden space 539136K, 0% used [0x00000000d5c00000,0x00000000d5c00000,0x00000000f6a80000)
  from space 6144K, 98% used [0x00000000fb500000,0x00000000fbaed188,0x00000000fbb00000)
  to   space 28160K, 0% used [0x00000000fc880000,0x00000000fc880000,0x00000000fe400000)
 ParOldGen       total 67584K, used 50579K [0x0000000081400000, 0x0000000085600000, 0x00000000d5c00000)
  object space 67584K, 74% used [0x0000000081400000,0x0000000084564c60,0x0000000085600000)
 Metaspace       used 34525K, capacity 35076K, committed 35496K, reserved 1081344K
  class space    used 4392K, capacity 4582K, committed 4608K, reserved 1048576K
Event: 342.275 GC heap after
Heap after GC invocations=19 (full 2):
 PSYoungGen      total 545280K, used 0K [0x00000000d5c00000, 0x00000000fe400000, 0x0000000100000000)
  eden space 539136K, 0% used [0x00000000d5c00000,0x00000000d5c00000,0x00000000f6a80000)
  from space 6144K, 0% used [0x00000000fb500000,0x00000000fb500000,0x00000000fbb00000)
  to   space 28160K, 0% used [0x00000000fc880000,0x00000000fc880000,0x00000000fe400000)
 ParOldGen       total 76288K, used 21014K [0x0000000081400000, 0x0000000085e80000, 0x00000000d5c00000)
  object space 76288K, 27% used [0x0000000081400000,0x0000000082885b58,0x0000000085e80000)
 Metaspace       used 31049K, capacity 31572K, committed 35496K, reserved 1081344K
  class space    used 3878K, capacity 4058K, committed 4608K, reserved 1048576K
}

