# JRE version: Java(TM) SE Runtime Environment (8.0_141-b15) (build 1.8.0_141-b15)
# Java VM: Java HotSpot(TM) 64-Bit Server VM (25.141-b15 mixed mode windows-amd64 compressed oops)
Heap:
 PSYoungGen      total 516608K, used 10348K [0x00000000d5c00000, 0x00000000fdb00000, 0x0000000100000000)
  eden space 514048K, 2% used [0x00000000d5c00000,0x00000000d661b038,0x00000000f5200000)
  from space 2560K, 0% used [0x00000000fd880000,0x00000000fd880000,0x00000000fdb00000)
  to   space 30208K, 0% used [0x00000000fa000000,0x00000000fa000000,0x00000000fbd80000)
 ParOldGen       total 79360K, used 14006K [0x0000000081400000, 0x0000000086180000, 0x00000000d5c00000)
  object space 79360K, 17% used [0x0000000081400000,0x00000000821ad9f8,0x0000000086180000)
 Metaspace       used 25484K, capacity 25954K, committed 33448K, reserved 1079296K
  class space    used 3060K, capacity 3203K, committed 4608K, reserved 1048576K
GC Heap History (10 events):
Event: 360.305 GC heap before
{Heap before GC invocations=16 (full 1):
 PSYoungGen      total 636416K, used 636400K [0x00000000d5c00000, 0x0000000100000000, 0x0000000100000000)
  eden space 620544K, 100% used [0x00000000d5c00000,0x00000000fba00000,0x00000000fba00000)
  from space 15872K, 99% used [0x00000000ff080000,0x00000000ffffc330,0x0000000100000000)
  to   space 20480K, 0% used [0x00000000fd800000,0x00000000fd800000,0x00000000fec00000)
 ParOldGen       total 67584K, used 23833K [0x0000000081400000, 0x0000000085600000, 0x00000000d5c00000)
  object space 67584K, 35% used [0x0000000081400000,0x0000000082b46608,0x0000000085600000)
 Metaspace       used 28608K, capacity 29156K, committed 29696K, reserved 1075200K
  class space    used 3555K, capacity 3730K, committed 3840K, reserved 1048576K
Event: 360.331 GC heap after
Heap after GC invocations=16 (full 1):
 PSYoungGen      total 612352K, used 20475K [0x00000000d5c00000, 0x00000000ff100000, 0x0000000100000000)
  eden space 591872K, 0% used [0x00000000d5c00000,0x00000000d5c00000,0x00000000f9e00000)
  from space 20480K, 99% used [0x00000000fd800000,0x00000000febfede8,0x00000000fec00000)
  to   space 5120K, 0% used [0x00000000fec00000,0x00000000fec00000,0x00000000ff100000)
 ParOldGen       total 67584K, used 30789K [0x0000000081400000, 0x0000000085600000, 0x00000000d5c00000)
  object space 67584K, 45% used [0x0000000081400000,0x0000000083211708,0x0000000085600000)
 Metaspace       used 28608K, capacity 29156K, committed 29696K, reserved 1075200K
  class space    used 3555K, capacity 3730K, committed 3840K, reserved 1048576K
}
Event: 383.110 GC heap before
{Heap before GC invocations=17 (full 1):
 PSYoungGen      total 612352K, used 612347K [0x00000000d5c00000, 0x00000000ff100000, 0x0000000100000000)
  eden space 591872K, 100% used [0x00000000d5c00000,0x00000000f9e00000,0x00000000f9e00000)
  from space 20480K, 99% used [0x00000000fd800000,0x00000000febfede8,0x00000000fec00000)
  to   space 5120K, 0% used [0x00000000fec00000,0x00000000fec00000,0x00000000ff100000)
 ParOldGen       total 67584K, used 30789K [0x0000000081400000, 0x0000000085600000, 0x00000000d5c00000)
  object space 67584K, 45% used [0x0000000081400000,0x0000000083211708,0x0000000085600000)
 Metaspace       used 33197K, capacity 33790K, committed 34432K, reserved 1079296K
  class space    used 4220K, capacity 4389K, committed 4480K, reserved 1048576K
Event: 383.126 GC heap after
Heap after GC invocations=17 (full 1):
 PSYoungGen      total 569856K, used 5112K [0x00000000d5c00000, 0x00000000ff100000, 0x0000000100000000)
  eden space 564736K, 0% used [0x00000000d5c00000,0x00000000d5c00000,0x00000000f8380000)
  from space 5120K, 99% used [0x00000000fec00000,0x00000000ff0fe080,0x00000000ff100000)
  to   space 25088K, 0% used [0x00000000fc000000,0x00000000fc000000,0x00000000fd880000)
 ParOldGen       total 67584K, used 37184K [0x0000000081400000, 0x0000000085600000, 0x00000000d5c00000)
  object space 67584K, 55% used [0x0000000081400000,0x00000000838502f0,0x0000000085600000)
 Metaspace       used 33197K, capacity 33790K, committed 34432K, reserved 1079296K
  class space    used 4220K, capacity 4389K, committed 4480K, reserved 1048576K
}
Event: 384.962 GC heap before
{Heap before GC invocations=18 (full 1):
 PSYoungGen      total 569856K, used 569848K [0x00000000d5c00000, 0x00000000ff100000, 0x0000000100000000)
  eden space 564736K, 100% used [0x00000000d5c00000,0x00000000f8380000,0x00000000f8380000)
  from space 5120K, 99% used [0x00000000fec00000,0x00000000ff0fe080,0x00000000ff100000)
  to   space 25088K, 0% used [0x00000000fc000000,0x00000000fc000000,0x00000000fd880000)
 ParOldGen       total 67584K, used 37184K [0x0000000081400000, 0x0000000085600000, 0x00000000d5c00000)
  object space 67584K, 55% used [0x0000000081400000,0x00000000838502f0,0x0000000085600000)
 Metaspace       used 33314K, capacity 33950K, committed 34432K, reserved 1079296K
  class space    used 4226K, capacity 4421K, committed 4480K, reserved 1048576K
Event: 384.994 GC heap after
Heap after GC invocations=18 (full 1):
 PSYoungGen      total 563712K, used 25079K [0x00000000d5c00000, 0x00000000fec80000, 0x0000000100000000)
  eden space 538624K, 0% used [0x00000000d5c00000,0x00000000d5c00000,0x00000000f6a00000)
  from space 25088K, 99% used [0x00000000fc000000,0x00000000fd87ddc0,0x00000000fd880000)
  to   space 20480K, 0% used [0x00000000fd880000,0x00000000fd880000,0x00000000fec80000)
 ParOldGen       total 67584K, used 40355K [0x0000000081400000, 0x0000000085600000, 0x00000000d5c00000)
  object space 67584K, 59% used [0x0000000081400000,0x0000000083b68c90,0x0000000085600000)
 Metaspace       used 33314K, capacity 33950K, committed 34432K, reserved 1079296K
  class space    used 4226K, capacity 4421K, committed 4480K, reserved 1048576K
}
Event: 385.284 GC heap before
{Heap before GC invocations=19 (full 1):
 PSYoungGen      total 563712K, used 125148K [0x00000000d5c00000, 0x00000000fec80000, 0x0000000100000000)
  eden space 538624K, 18% used [0x00000000d5c00000,0x00000000dbdb9380,0x00000000f6a00000)
  from space 25088K, 99% used [0x00000000fc000000,0x00000000fd87ddc0,0x00000000fd880000)
  to   space 20480K, 0% used [0x00000000fd880000,0x00000000fd880000,0x00000000fec80000)
 ParOldGen       total 67584K, used 40355K [0x0000000081400000, 0x0000000085600000, 0x00000000d5c00000)
  object space 67584K, 59% used [0x0000000081400000,0x0000000083b68c90,0x0000000085600000)
 Metaspace       used 34499K, capacity 35076K, committed 35496K, reserved 1081344K
  class space    used 4386K, capacity 4582K, committed 4608K, reserved 1048576K
Event: 385.288 GC heap after
Heap after GC invocations=19 (full 1):
 PSYoungGen      total 516608K, used 2230K [0x00000000d5c00000, 0x00000000fdb00000, 0x0000000100000000)
  eden space 514048K, 0% used [0x00000000d5c00000,0x00000000d5c00000,0x00000000f5200000)
  from space 2560K, 87% used [0x00000000fd880000,0x00000000fdaad8c8,0x00000000fdb00000)
  to   space 30208K, 0% used [0x00000000fa000000,0x00000000fa000000,0x00000000fbd80000)
 ParOldGen       total 67584K, used 40623K [0x0000000081400000, 0x0000000085600000, 0x00000000d5c00000)
  object space 67584K, 60% used [0x0000000081400000,0x0000000083babcb0,0x0000000085600000)
 Metaspace       used 34499K, capacity 35076K, committed 35496K, reserved 1081344K
  class space    used 4386K, capacity 4582K, committed 4608K, reserved 1048576K
}
Event: 385.288 GC heap before
{Heap before GC invocations=20 (full 2):
 PSYoungGen      total 516608K, used 2230K [0x00000000d5c00000, 0x00000000fdb00000, 0x0000000100000000)
  eden space 514048K, 0% used [0x00000000d5c00000,0x00000000d5c00000,0x00000000f5200000)
  from space 2560K, 87% used [0x00000000fd880000,0x00000000fdaad8c8,0x00000000fdb00000)
  to   space 30208K, 0% used [0x00000000fa000000,0x00000000fa000000,0x00000000fbd80000)
 ParOldGen       total 67584K, used 40623K [0x0000000081400000, 0x0000000085600000, 0x00000000d5c00000)
  object space 67584K, 60% used [0x0000000081400000,0x0000000083babcb0,0x0000000085600000)
 Metaspace       used 34499K, capacity 35076K, committed 35496K, reserved 1081344K
  class space    used 4386K, capacity 4582K, committed 4608K, reserved 1048576K
Event: 385.326 GC heap after
Heap after GC invocations=20 (full 2):
 PSYoungGen      total 516608K, used 0K [0x00000000d5c00000, 0x00000000fdb00000, 0x0000000100000000)
  eden space 514048K, 0% used [0x00000000d5c00000,0x00000000d5c00000,0x00000000f5200000)
  from space 2560K, 0% used [0x00000000fd880000,0x00000000fd880000,0x00000000fdb00000)
  to   space 30208K, 0% used [0x00000000fa000000,0x00000000fa000000,0x00000000fbd80000)
 ParOldGen       total 79360K, used 14006K [0x0000000081400000, 0x0000000086180000, 0x00000000d5c00000)
  object space 79360K, 17% used [0x0000000081400000,0x00000000821ad9f8,0x0000000086180000)
 Metaspace       used 25401K, capacity 25826K, committed 33448K, reserved 1079296K
  class space    used 3047K, capacity 3203K, committed 4608K, reserved 1048576K
}

