# JRE version: Java(TM) SE Runtime Environment (8.0_141-b15) (build 1.8.0_141-b15)
# Java VM: Java HotSpot(TM) 64-Bit Server VM (25.141-b15 mixed mode windows-amd64 compressed oops)
Heap:
 PSYoungGen      total 593408K, used 11617K [0x00000000d5c00000, 0x00000000fe200000, 0x0000000100000000)
  eden space 579072K, 2% used [0x00000000d5c00000,0x00000000d6758528,0x00000000f9180000)
  from space 14336K, 0% used [0x00000000fd400000,0x00000000fd400000,0x00000000fe200000)
  to   space 26112K, 0% used [0x00000000faf00000,0x00000000faf00000,0x00000000fc880000)
 ParOldGen       total 77824K, used 26155K [0x0000000081400000, 0x0000000086000000, 0x00000000d5c00000)
  object space 77824K, 33% used [0x0000000081400000,0x0000000082d8ae78,0x0000000086000000)
 Metaspace       used 29675K, capacity 30148K, committed 33448K, reserved 1079296K
  class space    used 3689K, capacity 3890K, committed 4608K, reserved 1048576K
GC Heap History (10 events):
Event: 146.357 GC heap before
{Heap before GC invocations=14 (full 1):
 PSYoungGen      total 623104K, used 623001K [0x00000000d5c00000, 0x00000000ff400000, 0x0000000100000000)
  eden space 619008K, 100% used [0x00000000d5c00000,0x00000000fb880000,0x00000000fb880000)
  from space 4096K, 97% used [0x00000000ff000000,0x00000000ff3e6730,0x00000000ff400000)
  to   space 15360K, 0% used [0x00000000fd600000,0x00000000fd600000,0x00000000fe500000)
 ParOldGen       total 64512K, used 16000K [0x0000000081400000, 0x0000000085300000, 0x00000000d5c00000)
  object space 64512K, 24% used [0x0000000081400000,0x00000000823a0210,0x0000000085300000)
 Metaspace       used 23844K, capacity 24342K, committed 24704K, reserved 1071104K
  class space    used 2890K, capacity 3073K, committed 3200K, reserved 1048576K
Event: 146.386 GC heap after
Heap after GC invocations=14 (full 1):
 PSYoungGen      total 664576K, used 15351K [0x00000000d5c00000, 0x0000000100000000, 0x0000000100000000)
  eden space 649216K, 0% used [0x00000000d5c00000,0x00000000d5c00000,0x00000000fd600000)
  from space 15360K, 99% used [0x00000000fd600000,0x00000000fe4fdc58,0x00000000fe500000)
  to   space 21504K, 0% used [0x00000000feb00000,0x00000000feb00000,0x0000000100000000)
 ParOldGen       total 64512K, used 26837K [0x0000000081400000, 0x0000000085300000, 0x00000000d5c00000)
  object space 64512K, 41% used [0x0000000081400000,0x0000000082e35710,0x0000000085300000)
 Metaspace       used 23844K, capacity 24342K, committed 24704K, reserved 1071104K
  class space    used 2890K, capacity 3073K, committed 3200K, reserved 1048576K
}
Event: 159.051 GC heap before
{Heap before GC invocations=15 (full 1):
 PSYoungGen      total 664576K, used 664567K [0x00000000d5c00000, 0x0000000100000000, 0x0000000100000000)
  eden space 649216K, 100% used [0x00000000d5c00000,0x00000000fd600000,0x00000000fd600000)
  from space 15360K, 99% used [0x00000000fd600000,0x00000000fe4fdc58,0x00000000fe500000)
  to   space 21504K, 0% used [0x00000000feb00000,0x00000000feb00000,0x0000000100000000)
 ParOldGen       total 64512K, used 26837K [0x0000000081400000, 0x0000000085300000, 0x00000000d5c00000)
  object space 64512K, 41% used [0x0000000081400000,0x0000000082e35710,0x0000000085300000)
 Metaspace       used 28990K, capacity 29496K, committed 29952K, reserved 1075200K
  class space    used 3628K, capacity 3824K, committed 3840K, reserved 1048576K
Event: 159.087 GC heap after
Heap after GC invocations=15 (full 1):
 PSYoungGen      total 658432K, used 21484K [0x00000000d5c00000, 0x0000000100000000, 0x0000000100000000)
  eden space 636928K, 0% used [0x00000000d5c00000,0x00000000d5c00000,0x00000000fca00000)
  from space 21504K, 99% used [0x00000000feb00000,0x00000000ffffb030,0x0000000100000000)
  to   space 27648K, 0% used [0x00000000fca00000,0x00000000fca00000,0x00000000fe500000)
 ParOldGen       total 64512K, used 35439K [0x0000000081400000, 0x0000000085300000, 0x00000000d5c00000)
  object space 64512K, 54% used [0x0000000081400000,0x000000008369bfc8,0x0000000085300000)
 Metaspace       used 28990K, capacity 29496K, committed 29952K, reserved 1075200K
  class space    used 3628K, capacity 3824K, committed 3840K, reserved 1048576K
}
Event: 234.108 GC heap before
{Heap before GC invocations=16 (full 1):
 PSYoungGen      total 658432K, used 658412K [0x00000000d5c00000, 0x0000000100000000, 0x0000000100000000)
  eden space 636928K, 100% used [0x00000000d5c00000,0x00000000fca00000,0x00000000fca00000)
  from space 21504K, 99% used [0x00000000feb00000,0x00000000ffffb030,0x0000000100000000)
  to   space 27648K, 0% used [0x00000000fca00000,0x00000000fca00000,0x00000000fe500000)
 ParOldGen       total 64512K, used 35439K [0x0000000081400000, 0x0000000085300000, 0x00000000d5c00000)
  object space 64512K, 54% used [0x0000000081400000,0x000000008369bfc8,0x0000000085300000)
 Metaspace       used 34409K, capacity 34920K, committed 35328K, reserved 1079296K
  class space    used 4406K, capacity 4600K, committed 4608K, reserved 1048576K
Event: 234.131 GC heap after
Heap after GC invocations=16 (full 1):
 PSYoungGen      total 617472K, used 10190K [0x00000000d5c00000, 0x00000000feb80000, 0x0000000100000000)
  eden space 607232K, 0% used [0x00000000d5c00000,0x00000000d5c00000,0x00000000fad00000)
  from space 10240K, 99% used [0x00000000fca00000,0x00000000fd3f3b50,0x00000000fd400000)
  to   space 24064K, 0% used [0x00000000fd400000,0x00000000fd400000,0x00000000feb80000)
 ParOldGen       total 64512K, used 37048K [0x0000000081400000, 0x0000000085300000, 0x00000000d5c00000)
  object space 64512K, 57% used [0x0000000081400000,0x000000008382e1d8,0x0000000085300000)
 Metaspace       used 34409K, capacity 34920K, committed 35328K, reserved 1079296K
  class space    used 4406K, capacity 4600K, committed 4608K, reserved 1048576K
}
Event: 350.280 GC heap before
{Heap before GC invocations=17 (full 1):
 PSYoungGen      total 617472K, used 518891K [0x00000000d5c00000, 0x00000000feb80000, 0x0000000100000000)
  eden space 607232K, 83% used [0x00000000d5c00000,0x00000000f4cc7190,0x00000000fad00000)
  from space 10240K, 99% used [0x00000000fca00000,0x00000000fd3f3b50,0x00000000fd400000)
  to   space 24064K, 0% used [0x00000000fd400000,0x00000000fd400000,0x00000000feb80000)
 ParOldGen       total 64512K, used 37048K [0x0000000081400000, 0x0000000085300000, 0x00000000d5c00000)
  object space 64512K, 57% used [0x0000000081400000,0x000000008382e1d8,0x0000000085300000)
 Metaspace       used 34626K, capacity 35136K, committed 35496K, reserved 1081344K
  class space    used 4422K, capacity 4608K, committed 4608K, reserved 1048576K
Event: 350.295 GC heap after
Heap after GC invocations=17 (full 1):
 PSYoungGen      total 593408K, used 14013K [0x00000000d5c00000, 0x00000000fe200000, 0x0000000100000000)
  eden space 579072K, 0% used [0x00000000d5c00000,0x00000000d5c00000,0x00000000f9180000)
  from space 14336K, 97% used [0x00000000fd400000,0x00000000fe1af418,0x00000000fe200000)
  to   space 26112K, 0% used [0x00000000faf00000,0x00000000faf00000,0x00000000fc880000)
 ParOldGen       total 64512K, used 38384K [0x0000000081400000, 0x0000000085300000, 0x00000000d5c00000)
  object space 64512K, 59% used [0x0000000081400000,0x000000008397c1f8,0x0000000085300000)
 Metaspace       used 34626K, capacity 35136K, committed 35496K, reserved 1081344K
  class space    used 4422K, capacity 4608K, committed 4608K, reserved 1048576K
}
Event: 350.295 GC heap before
{Heap before GC invocations=18 (full 2):
 PSYoungGen      total 593408K, used 14013K [0x00000000d5c00000, 0x00000000fe200000, 0x0000000100000000)
  eden space 579072K, 0% used [0x00000000d5c00000,0x00000000d5c00000,0x00000000f9180000)
  from space 14336K, 97% used [0x00000000fd400000,0x00000000fe1af418,0x00000000fe200000)
  to   space 26112K, 0% used [0x00000000faf00000,0x00000000faf00000,0x00000000fc880000)
 ParOldGen       total 64512K, used 38384K [0x0000000081400000, 0x0000000085300000, 0x00000000d5c00000)
  object space 64512K, 59% used [0x0000000081400000,0x000000008397c1f8,0x0000000085300000)
 Metaspace       used 34626K, capacity 35136K, committed 35496K, reserved 1081344K
  class space    used 4422K, capacity 4608K, committed 4608K, reserved 1048576K
Event: 350.336 GC heap after
Heap after GC invocations=18 (full 2):
 PSYoungGen      total 593408K, used 0K [0x00000000d5c00000, 0x00000000fe200000, 0x0000000100000000)
  eden space 579072K, 0% used [0x00000000d5c00000,0x00000000d5c00000,0x00000000f9180000)
  from space 14336K, 0% used [0x00000000fd400000,0x00000000fd400000,0x00000000fe200000)
  to   space 26112K, 0% used [0x00000000faf00000,0x00000000faf00000,0x00000000fc880000)
 ParOldGen       total 77824K, used 26155K [0x0000000081400000, 0x0000000086000000, 0x00000000d5c00000)
  object space 77824K, 33% used [0x0000000081400000,0x0000000082d8ae78,0x0000000086000000)
 Metaspace       used 29648K, capacity 30116K, committed 33448K, reserved 1079296K
  class space    used 3685K, capacity 3858K, committed 4608K, reserved 1048576K
}

