# JRE version: Java(TM) SE Runtime Environment (8.0_141-b15) (build 1.8.0_141-b15)
# Java VM: Java HotSpot(TM) 64-Bit Server VM (25.141-b15 mixed mode windows-amd64 compressed oops)
Heap:
 PSYoungGen      total 498688K, used 9355K [0x00000000d5c00000, 0x00000000fdd00000, 0x0000000100000000)
  eden space 478208K, 1% used [0x00000000d5c00000,0x00000000d6522d90,0x00000000f2f00000)
  from space 20480K, 0% used [0x00000000fb300000,0x00000000fb300000,0x00000000fc700000)
  to   space 22528K, 0% used [0x00000000fc700000,0x00000000fc700000,0x00000000fdd00000)
 ParOldGen       total 83968K, used 33035K [0x0000000081400000, 0x0000000086600000, 0x00000000d5c00000)
  object space 83968K, 39% used [0x0000000081400000,0x0000000083442ce8,0x0000000086600000)
 Metaspace       used 30125K, capacity 30696K, committed 35496K, reserved 1081344K
  class space    used 3691K, capacity 3896K, committed 4608K, reserved 1048576K
GC Heap History (10 events):
Event: 296.429 GC heap before
{Heap before GC invocations=15 (full 1):
 PSYoungGen      total 578560K, used 578080K [0x00000000d5c00000, 0x00000000ff180000, 0x0000000100000000)
  eden space 577536K, 100% used [0x00000000d5c00000,0x00000000f9000000,0x00000000f9000000)
  from space 1024K, 53% used [0x00000000fd880000,0x00000000fd908000,0x00000000fd980000)
  to   space 15360K, 0% used [0x00000000fe280000,0x00000000fe280000,0x00000000ff180000)
 ParOldGen       total 68096K, used 19537K [0x0000000081400000, 0x0000000085680000, 0x00000000d5c00000)
  object space 68096K, 28% used [0x0000000081400000,0x0000000082714430,0x0000000085680000)
 Metaspace       used 24185K, capacity 24648K, committed 25088K, reserved 1071104K
  class space    used 2890K, capacity 3044K, committed 3072K, reserved 1048576K
Event: 296.451 GC heap after
Heap after GC invocations=15 (full 1):
 PSYoungGen      total 566272K, used 15330K [0x00000000d5c00000, 0x00000000ff180000, 0x0000000100000000)
  eden space 550912K, 0% used [0x00000000d5c00000,0x00000000d5c00000,0x00000000f7600000)
  from space 15360K, 99% used [0x00000000fe280000,0x00000000ff178a70,0x00000000ff180000)
  to   space 21504K, 0% used [0x00000000fc780000,0x00000000fc780000,0x00000000fdc80000)
 ParOldGen       total 68096K, used 28765K [0x0000000081400000, 0x0000000085680000, 0x00000000d5c00000)
  object space 68096K, 42% used [0x0000000081400000,0x0000000083017720,0x0000000085680000)
 Metaspace       used 24185K, capacity 24648K, committed 25088K, reserved 1071104K
  class space    used 2890K, capacity 3044K, committed 3072K, reserved 1048576K
}
Event: 330.253 GC heap before
{Heap before GC invocations=16 (full 1):
 PSYoungGen      total 566272K, used 566242K [0x00000000d5c00000, 0x00000000ff180000, 0x0000000100000000)
  eden space 550912K, 100% used [0x00000000d5c00000,0x00000000f7600000,0x00000000f7600000)
  from space 15360K, 99% used [0x00000000fe280000,0x00000000ff178a70,0x00000000ff180000)
  to   space 21504K, 0% used [0x00000000fc780000,0x00000000fc780000,0x00000000fdc80000)
 ParOldGen       total 68096K, used 28765K [0x0000000081400000, 0x0000000085680000, 0x00000000d5c00000)
  object space 68096K, 42% used [0x0000000081400000,0x0000000083017720,0x0000000085680000)
 Metaspace       used 28899K, capacity 29436K, committed 29952K, reserved 1075200K
  class space    used 3560K, capacity 3734K, committed 3840K, reserved 1048576K
Event: 330.288 GC heap after
Heap after GC invocations=16 (full 1):
 PSYoungGen      total 546816K, used 21484K [0x00000000d5c00000, 0x00000000fe300000, 0x0000000100000000)
  eden space 525312K, 0% used [0x00000000d5c00000,0x00000000d5c00000,0x00000000f5d00000)
  from space 21504K, 99% used [0x00000000fc780000,0x00000000fdc7b0c0,0x00000000fdc80000)
  to   space 6656K, 0% used [0x00000000fdc80000,0x00000000fdc80000,0x00000000fe300000)
 ParOldGen       total 68096K, used 33113K [0x0000000081400000, 0x0000000085680000, 0x00000000d5c00000)
  object space 68096K, 48% used [0x0000000081400000,0x00000000834567f0,0x0000000085680000)
 Metaspace       used 28899K, capacity 29436K, committed 29952K, reserved 1075200K
  class space    used 3560K, capacity 3734K, committed 3840K, reserved 1048576K
}
Event: 332.375 GC heap before
{Heap before GC invocations=17 (full 1):
 PSYoungGen      total 546816K, used 546796K [0x00000000d5c00000, 0x00000000fe300000, 0x0000000100000000)
  eden space 525312K, 100% used [0x00000000d5c00000,0x00000000f5d00000,0x00000000f5d00000)
  from space 21504K, 99% used [0x00000000fc780000,0x00000000fdc7b0c0,0x00000000fdc80000)
  to   space 6656K, 0% used [0x00000000fdc80000,0x00000000fdc80000,0x00000000fe300000)
 ParOldGen       total 68096K, used 33113K [0x0000000081400000, 0x0000000085680000, 0x00000000d5c00000)
  object space 68096K, 48% used [0x0000000081400000,0x00000000834567f0,0x0000000085680000)
 Metaspace       used 32297K, capacity 32774K, committed 33152K, reserved 1079296K
  class space    used 4062K, capacity 4221K, committed 4224K, reserved 1048576K
Event: 332.391 GC heap after
Heap after GC invocations=17 (full 1):
 PSYoungGen      total 507904K, used 6632K [0x00000000d5c00000, 0x00000000fe300000, 0x0000000100000000)
  eden space 501248K, 0% used [0x00000000d5c00000,0x00000000d5c00000,0x00000000f4580000)
  from space 6656K, 99% used [0x00000000fdc80000,0x00000000fe2fa3d8,0x00000000fe300000)
  to   space 24576K, 0% used [0x00000000fb300000,0x00000000fb300000,0x00000000fcb00000)
 ParOldGen       total 68096K, used 36906K [0x0000000081400000, 0x0000000085680000, 0x00000000d5c00000)
  object space 68096K, 54% used [0x0000000081400000,0x000000008380aa38,0x0000000085680000)
 Metaspace       used 32297K, capacity 32774K, committed 33152K, reserved 1079296K
  class space    used 4062K, capacity 4221K, committed 4224K, reserved 1048576K
}
Event: 406.685 GC heap before
{Heap before GC invocations=18 (full 1):
 PSYoungGen      total 507904K, used 421598K [0x00000000d5c00000, 0x00000000fe300000, 0x0000000100000000)
  eden space 501248K, 82% used [0x00000000d5c00000,0x00000000ef13d460,0x00000000f4580000)
  from space 6656K, 99% used [0x00000000fdc80000,0x00000000fe2fa3d8,0x00000000fe300000)
  to   space 24576K, 0% used [0x00000000fb300000,0x00000000fb300000,0x00000000fcb00000)
 ParOldGen       total 68096K, used 36906K [0x0000000081400000, 0x0000000085680000, 0x00000000d5c00000)
  object space 68096K, 54% used [0x0000000081400000,0x000000008380aa38,0x0000000085680000)
 Metaspace       used 34601K, capacity 35190K, committed 35496K, reserved 1081344K
  class space    used 4359K, capacity 4553K, committed 4608K, reserved 1048576K
Event: 406.701 GC heap after
Heap after GC invocations=18 (full 1):
 PSYoungGen      total 498688K, used 20144K [0x00000000d5c00000, 0x00000000fdd00000, 0x0000000100000000)
  eden space 478208K, 0% used [0x00000000d5c00000,0x00000000d5c00000,0x00000000f2f00000)
  from space 20480K, 98% used [0x00000000fb300000,0x00000000fc6ac1f8,0x00000000fc700000)
  to   space 22528K, 0% used [0x00000000fc700000,0x00000000fc700000,0x00000000fdd00000)
 ParOldGen       total 68096K, used 37618K [0x0000000081400000, 0x0000000085680000, 0x00000000d5c00000)
  object space 68096K, 55% used [0x0000000081400000,0x00000000838bca48,0x0000000085680000)
 Metaspace       used 34601K, capacity 35190K, committed 35496K, reserved 1081344K
  class space    used 4359K, capacity 4553K, committed 4608K, reserved 1048576K
}
Event: 406.701 GC heap before
{Heap before GC invocations=19 (full 2):
 PSYoungGen      total 498688K, used 20144K [0x00000000d5c00000, 0x00000000fdd00000, 0x0000000100000000)
  eden space 478208K, 0% used [0x00000000d5c00000,0x00000000d5c00000,0x00000000f2f00000)
  from space 20480K, 98% used [0x00000000fb300000,0x00000000fc6ac1f8,0x00000000fc700000)
  to   space 22528K, 0% used [0x00000000fc700000,0x00000000fc700000,0x00000000fdd00000)
 ParOldGen       total 68096K, used 37618K [0x0000000081400000, 0x0000000085680000, 0x00000000d5c00000)
  object space 68096K, 55% used [0x0000000081400000,0x00000000838bca48,0x0000000085680000)
 Metaspace       used 34601K, capacity 35190K, committed 35496K, reserved 1081344K
  class space    used 4359K, capacity 4553K, committed 4608K, reserved 1048576K
Event: 406.747 GC heap after
Heap after GC invocations=19 (full 2):
 PSYoungGen      total 498688K, used 0K [0x00000000d5c00000, 0x00000000fdd00000, 0x0000000100000000)
  eden space 478208K, 0% used [0x00000000d5c00000,0x00000000d5c00000,0x00000000f2f00000)
  from space 20480K, 0% used [0x00000000fb300000,0x00000000fb300000,0x00000000fc700000)
  to   space 22528K, 0% used [0x00000000fc700000,0x00000000fc700000,0x00000000fdd00000)
 ParOldGen       total 83968K, used 33035K [0x0000000081400000, 0x0000000086600000, 0x00000000d5c00000)
  object space 83968K, 39% used [0x0000000081400000,0x0000000083442ce8,0x0000000086600000)
 Metaspace       used 30058K, capacity 30600K, committed 35496K, reserved 1081344K
  class space    used 3690K, capacity 3864K, committed 4608K, reserved 1048576K
}

