# JRE version: Java(TM) SE Runtime Environment (8.0_141-b15) (build 1.8.0_141-b15)
# Java VM: Java HotSpot(TM) 64-Bit Server VM (25.141-b15 mixed mode windows-amd64 compressed oops)
Heap:
 PSYoungGen      total 491520K, used 9990K [0x00000000d5c00000, 0x00000000fd380000, 0x0000000100000000)
  eden space 489472K, 2% used [0x00000000d5c00000,0x00000000d65c1a80,0x00000000f3a00000)
  from space 2048K, 0% used [0x00000000f9e00000,0x00000000f9e00000,0x00000000fa000000)
  to   space 30208K, 0% used [0x00000000fb600000,0x00000000fb600000,0x00000000fd380000)
 ParOldGen       total 77824K, used 13976K [0x0000000081400000, 0x0000000086000000, 0x00000000d5c00000)
  object space 77824K, 17% used [0x0000000081400000,0x00000000821a6208,0x0000000086000000)
 Metaspace       used 25461K, capacity 25998K, committed 33448K, reserved 1079296K
  class space    used 3053K, capacity 3237K, committed 4608K, reserved 1048576K
GC Heap History (10 events):
Event: 496.968 GC heap before
{Heap before GC invocations=17 (full 1):
 PSYoungGen      total 606720K, used 606706K [0x00000000d5c00000, 0x00000000ff100000, 0x0000000100000000)
  eden space 590848K, 100% used [0x00000000d5c00000,0x00000000f9d00000,0x00000000f9d00000)
  from space 15872K, 99% used [0x00000000fd200000,0x00000000fe17c898,0x00000000fe180000)
  to   space 15872K, 0% used [0x00000000fe180000,0x00000000fe180000,0x00000000ff100000)
 ParOldGen       total 66048K, used 26840K [0x0000000081400000, 0x0000000085480000, 0x00000000d5c00000)
  object space 66048K, 40% used [0x0000000081400000,0x0000000082e36360,0x0000000085480000)
 Metaspace       used 28661K, capacity 29232K, committed 29696K, reserved 1075200K
  class space    used 3557K, capacity 3732K, committed 3840K, reserved 1048576K
Event: 496.996 GC heap after
Heap after GC invocations=17 (full 1):
 PSYoungGen      total 579584K, used 15853K [0x00000000d5c00000, 0x00000000ff100000, 0x0000000100000000)
  eden space 563712K, 0% used [0x00000000d5c00000,0x00000000d5c00000,0x00000000f8280000)
  from space 15872K, 99% used [0x00000000fe180000,0x00000000ff0fb6b8,0x00000000ff100000)
  to   space 28160K, 0% used [0x00000000fba00000,0x00000000fba00000,0x00000000fd580000)
 ParOldGen       total 66048K, used 39196K [0x0000000081400000, 0x0000000085480000, 0x00000000d5c00000)
  object space 66048K, 59% used [0x0000000081400000,0x0000000083a47088,0x0000000085480000)
 Metaspace       used 28661K, capacity 29232K, committed 29696K, reserved 1075200K
  class space    used 3557K, capacity 3732K, committed 3840K, reserved 1048576K
}
Event: 509.408 GC heap before
{Heap before GC invocations=18 (full 1):
 PSYoungGen      total 579584K, used 579565K [0x00000000d5c00000, 0x00000000ff100000, 0x0000000100000000)
  eden space 563712K, 100% used [0x00000000d5c00000,0x00000000f8280000,0x00000000f8280000)
  from space 15872K, 99% used [0x00000000fe180000,0x00000000ff0fb6b8,0x00000000ff100000)
  to   space 28160K, 0% used [0x00000000fba00000,0x00000000fba00000,0x00000000fd580000)
 ParOldGen       total 66048K, used 39196K [0x0000000081400000, 0x0000000085480000, 0x00000000d5c00000)
  object space 66048K, 59% used [0x0000000081400000,0x0000000083a47088,0x0000000085480000)
 Metaspace       used 33300K, capacity 33956K, committed 34432K, reserved 1079296K
  class space    used 4227K, capacity 4422K, committed 4480K, reserved 1048576K
Event: 509.430 GC heap after
Heap after GC invocations=18 (full 1):
 PSYoungGen      total 563200K, used 25103K [0x00000000d5c00000, 0x00000000fe200000, 0x0000000100000000)
  eden space 537600K, 0% used [0x00000000d5c00000,0x00000000d5c00000,0x00000000f6900000)
  from space 25600K, 98% used [0x00000000fba00000,0x00000000fd283d20,0x00000000fd300000)
  to   space 15360K, 0% used [0x00000000fd300000,0x00000000fd300000,0x00000000fe200000)
 ParOldGen       total 66048K, used 40551K [0x0000000081400000, 0x0000000085480000, 0x00000000d5c00000)
  object space 66048K, 61% used [0x0000000081400000,0x0000000083b99e08,0x0000000085480000)
 Metaspace       used 33300K, capacity 33956K, committed 34432K, reserved 1079296K
  class space    used 4227K, capacity 4422K, committed 4480K, reserved 1048576K
}
Event: 511.089 GC heap before
{Heap before GC invocations=19 (full 1):
 PSYoungGen      total 563200K, used 562703K [0x00000000d5c00000, 0x00000000fe200000, 0x0000000100000000)
  eden space 537600K, 100% used [0x00000000d5c00000,0x00000000f6900000,0x00000000f6900000)
  from space 25600K, 98% used [0x00000000fba00000,0x00000000fd283d20,0x00000000fd300000)
  to   space 15360K, 0% used [0x00000000fd300000,0x00000000fd300000,0x00000000fe200000)
 ParOldGen       total 66048K, used 40551K [0x0000000081400000, 0x0000000085480000, 0x00000000d5c00000)
  object space 66048K, 61% used [0x0000000081400000,0x0000000083b99e08,0x0000000085480000)
 Metaspace       used 33518K, capacity 34122K, committed 34688K, reserved 1079296K
  class space    used 4243K, capacity 4455K, committed 4480K, reserved 1048576K
Event: 511.103 GC heap after
Heap after GC invocations=19 (full 1):
 PSYoungGen      total 520192K, used 6896K [0x00000000d5c00000, 0x00000000fda00000, 0x0000000100000000)
  eden space 513024K, 0% used [0x00000000d5c00000,0x00000000d5c00000,0x00000000f5100000)
  from space 7168K, 96% used [0x00000000fd300000,0x00000000fd9bc018,0x00000000fda00000)
  to   space 30720K, 0% used [0x00000000f9e00000,0x00000000f9e00000,0x00000000fbc00000)
 ParOldGen       total 66048K, used 40559K [0x0000000081400000, 0x0000000085480000, 0x00000000d5c00000)
  object space 66048K, 61% used [0x0000000081400000,0x0000000083b9be08,0x0000000085480000)
 Metaspace       used 33518K, capacity 34122K, committed 34688K, reserved 1079296K
  class space    used 4243K, capacity 4455K, committed 4480K, reserved 1048576K
}
Event: 511.250 GC heap before
{Heap before GC invocations=20 (full 1):
 PSYoungGen      total 520192K, used 35570K [0x00000000d5c00000, 0x00000000fda00000, 0x0000000100000000)
  eden space 513024K, 5% used [0x00000000d5c00000,0x00000000d7800858,0x00000000f5100000)
  from space 7168K, 96% used [0x00000000fd300000,0x00000000fd9bc018,0x00000000fda00000)
  to   space 30720K, 0% used [0x00000000f9e00000,0x00000000f9e00000,0x00000000fbc00000)
 ParOldGen       total 66048K, used 40559K [0x0000000081400000, 0x0000000085480000, 0x00000000d5c00000)
  object space 66048K, 61% used [0x0000000081400000,0x0000000083b9be08,0x0000000085480000)
 Metaspace       used 34466K, capacity 35082K, committed 35496K, reserved 1081344K
  class space    used 4379K, capacity 4583K, committed 4608K, reserved 1048576K
Event: 511.254 GC heap after
Heap after GC invocations=20 (full 1):
 PSYoungGen      total 491520K, used 1659K [0x00000000d5c00000, 0x00000000fd380000, 0x0000000100000000)
  eden space 489472K, 0% used [0x00000000d5c00000,0x00000000d5c00000,0x00000000f3a00000)
  from space 2048K, 81% used [0x00000000f9e00000,0x00000000f9f9ec08,0x00000000fa000000)
  to   space 30208K, 0% used [0x00000000fb600000,0x00000000fb600000,0x00000000fd380000)
 ParOldGen       total 66048K, used 42128K [0x0000000081400000, 0x0000000085480000, 0x00000000d5c00000)
  object space 66048K, 63% used [0x0000000081400000,0x0000000083d24018,0x0000000085480000)
 Metaspace       used 34466K, capacity 35082K, committed 35496K, reserved 1081344K
  class space    used 4379K, capacity 4583K, committed 4608K, reserved 1048576K
}
Event: 511.254 GC heap before
{Heap before GC invocations=21 (full 2):
 PSYoungGen      total 491520K, used 1659K [0x00000000d5c00000, 0x00000000fd380000, 0x0000000100000000)
  eden space 489472K, 0% used [0x00000000d5c00000,0x00000000d5c00000,0x00000000f3a00000)
  from space 2048K, 81% used [0x00000000f9e00000,0x00000000f9f9ec08,0x00000000fa000000)
  to   space 30208K, 0% used [0x00000000fb600000,0x00000000fb600000,0x00000000fd380000)
 ParOldGen       total 66048K, used 42128K [0x0000000081400000, 0x0000000085480000, 0x00000000d5c00000)
  object space 66048K, 63% used [0x0000000081400000,0x0000000083d24018,0x0000000085480000)
 Metaspace       used 34466K, capacity 35082K, committed 35496K, reserved 1081344K
  class space    used 4379K, capacity 4583K, committed 4608K, reserved 1048576K
Event: 511.288 GC heap after
Heap after GC invocations=21 (full 2):
 PSYoungGen      total 491520K, used 0K [0x00000000d5c00000, 0x00000000fd380000, 0x0000000100000000)
  eden space 489472K, 0% used [0x00000000d5c00000,0x00000000d5c00000,0x00000000f3a00000)
  from space 2048K, 0% used [0x00000000f9e00000,0x00000000f9e00000,0x00000000fa000000)
  to   space 30208K, 0% used [0x00000000fb600000,0x00000000fb600000,0x00000000fd380000)
 ParOldGen       total 77824K, used 13976K [0x0000000081400000, 0x0000000086000000, 0x00000000d5c00000)
  object space 77824K, 17% used [0x0000000081400000,0x00000000821a6208,0x0000000086000000)
 Metaspace       used 25355K, capacity 25838K, committed 33448K, reserved 1079296K
  class space    used 3041K, capacity 3205K, committed 4608K, reserved 1048576K
}

