# JRE version: Java(TM) SE Runtime Environment (8.0_141-b15) (build 1.8.0_141-b15)
# Java VM: Java HotSpot(TM) 64-Bit Server VM (25.141-b15 mixed mode windows-amd64 compressed oops)
Heap:
 PSYoungGen      total 349696K, used 6946K [0x00000000d5c00000, 0x00000000f1b00000, 0x0000000100000000)
  eden space 347136K, 2% used [0x00000000d5c00000,0x00000000d62c8ba8,0x00000000eaf00000)
  from space 2560K, 0% used [0x00000000ef300000,0x00000000ef300000,0x00000000ef580000)
  to   space 22016K, 0% used [0x00000000f0580000,0x00000000f0580000,0x00000000f1b00000)
 ParOldGen       total 66560K, used 14020K [0x0000000081400000, 0x0000000085500000, 0x00000000d5c00000)
  object space 66560K, 21% used [0x0000000081400000,0x00000000821b11d0,0x0000000085500000)
 Metaspace       used 25102K, capacity 25528K, committed 31400K, reserved 1077248K
  class space    used 2939K, capacity 3118K, committed 4608K, reserved 1048576K
GC Heap History (10 events):
Event: 2262.419 GC heap before
{Heap before GC invocations=45 (full 1):
 PSYoungGen      total 195072K, used 194987K [0x00000000d5c00000, 0x00000000f3f00000, 0x0000000100000000)
  eden space 186368K, 100% used [0x00000000d5c00000,0x00000000e1200000,0x00000000e1200000)
  from space 8704K, 99% used [0x00000000f2280000,0x00000000f2aead70,0x00000000f2b00000)
  to   space 19456K, 0% used [0x00000000f2c00000,0x00000000f2c00000,0x00000000f3f00000)
 ParOldGen       total 68096K, used 34197K [0x0000000081400000, 0x0000000085680000, 0x00000000d5c00000)
  object space 68096K, 50% used [0x0000000081400000,0x0000000083565758,0x0000000085680000)
 Metaspace       used 34421K, capacity 35080K, committed 35328K, reserved 1079296K
  class space    used 4297K, capacity 4556K, committed 4608K, reserved 1048576K
Event: 2262.436 GC heap after
Heap after GC invocations=45 (full 1):
 PSYoungGen      total 236544K, used 19429K [0x00000000d5c00000, 0x00000000f3f00000, 0x0000000100000000)
  eden space 217088K, 0% used [0x00000000d5c00000,0x00000000d5c00000,0x00000000e3000000)
  from space 19456K, 99% used [0x00000000f2c00000,0x00000000f3ef9458,0x00000000f3f00000)
  to   space 24064K, 0% used [0x00000000f1000000,0x00000000f1000000,0x00000000f2780000)
 ParOldGen       total 68096K, used 37877K [0x0000000081400000, 0x0000000085680000, 0x00000000d5c00000)
  object space 68096K, 55% used [0x0000000081400000,0x00000000838fd6d0,0x0000000085680000)
 Metaspace       used 34421K, capacity 35080K, committed 35328K, reserved 1079296K
  class space    used 4297K, capacity 4556K, committed 4608K, reserved 1048576K
}
Event: 2263.186 GC heap before
{Heap before GC invocations=46 (full 1):
 PSYoungGen      total 236544K, used 236517K [0x00000000d5c00000, 0x00000000f3f00000, 0x0000000100000000)
  eden space 217088K, 100% used [0x00000000d5c00000,0x00000000e3000000,0x00000000e3000000)
  from space 19456K, 99% used [0x00000000f2c00000,0x00000000f3ef9458,0x00000000f3f00000)
  to   space 24064K, 0% used [0x00000000f1000000,0x00000000f1000000,0x00000000f2780000)
 ParOldGen       total 68096K, used 37877K [0x0000000081400000, 0x0000000085680000, 0x00000000d5c00000)
  object space 68096K, 55% used [0x0000000081400000,0x00000000838fd6d0,0x0000000085680000)
 Metaspace       used 34421K, capacity 35080K, committed 35328K, reserved 1079296K
  class space    used 4297K, capacity 4556K, committed 4608K, reserved 1048576K
Event: 2263.199 GC heap after
Heap after GC invocations=46 (full 1):
 PSYoungGen      total 263680K, used 10264K [0x00000000d5c00000, 0x00000000f2c80000, 0x0000000100000000)
  eden space 252928K, 0% used [0x00000000d5c00000,0x00000000d5c00000,0x00000000e5300000)
  from space 10752K, 95% used [0x00000000f1000000,0x00000000f1a06090,0x00000000f1a80000)
  to   space 18432K, 0% used [0x00000000f1a80000,0x00000000f1a80000,0x00000000f2c80000)
 ParOldGen       total 68096K, used 37885K [0x0000000081400000, 0x0000000085680000, 0x00000000d5c00000)
  object space 68096K, 55% used [0x0000000081400000,0x00000000838ff6d0,0x0000000085680000)
 Metaspace       used 34421K, capacity 35080K, committed 35328K, reserved 1079296K
  class space    used 4297K, capacity 4556K, committed 4608K, reserved 1048576K
}
Event: 2263.828 GC heap before
{Heap before GC invocations=47 (full 1):
 PSYoungGen      total 263680K, used 263192K [0x00000000d5c00000, 0x00000000f2c80000, 0x0000000100000000)
  eden space 252928K, 100% used [0x00000000d5c00000,0x00000000e5300000,0x00000000e5300000)
  from space 10752K, 95% used [0x00000000f1000000,0x00000000f1a06090,0x00000000f1a80000)
  to   space 18432K, 0% used [0x00000000f1a80000,0x00000000f1a80000,0x00000000f2c80000)
 ParOldGen       total 68096K, used 37885K [0x0000000081400000, 0x0000000085680000, 0x00000000d5c00000)
  object space 68096K, 55% used [0x0000000081400000,0x00000000838ff6d0,0x0000000085680000)
 Metaspace       used 34424K, capacity 35086K, committed 35328K, reserved 1079296K
  class space    used 4298K, capacity 4557K, committed 4608K, reserved 1048576K
Event: 2263.837 GC heap after
Heap after GC invocations=47 (full 1):
 PSYoungGen      total 299008K, used 4120K [0x00000000d5c00000, 0x00000000f1f00000, 0x0000000100000000)
  eden space 294400K, 0% used [0x00000000d5c00000,0x00000000d5c00000,0x00000000e7b80000)
  from space 4608K, 89% used [0x00000000f1a80000,0x00000000f1e86080,0x00000000f1f00000)
  to   space 22528K, 0% used [0x00000000ef300000,0x00000000ef300000,0x00000000f0900000)
 ParOldGen       total 68096K, used 39170K [0x0000000081400000, 0x0000000085680000, 0x00000000d5c00000)
  object space 68096K, 57% used [0x0000000081400000,0x0000000083a40b00,0x0000000085680000)
 Metaspace       used 34424K, capacity 35086K, committed 35328K, reserved 1079296K
  class space    used 4298K, capacity 4557K, committed 4608K, reserved 1048576K
}
Event: 2263.888 GC heap before
{Heap before GC invocations=48 (full 1):
 PSYoungGen      total 299008K, used 27581K [0x00000000d5c00000, 0x00000000f1f00000, 0x0000000100000000)
  eden space 294400K, 7% used [0x00000000d5c00000,0x00000000d72e96a0,0x00000000e7b80000)
  from space 4608K, 89% used [0x00000000f1a80000,0x00000000f1e86080,0x00000000f1f00000)
  to   space 22528K, 0% used [0x00000000ef300000,0x00000000ef300000,0x00000000f0900000)
 ParOldGen       total 68096K, used 39170K [0x0000000081400000, 0x0000000085680000, 0x00000000d5c00000)
  object space 68096K, 57% used [0x0000000081400000,0x0000000083a40b00,0x0000000085680000)
 Metaspace       used 34632K, capacity 35214K, committed 35496K, reserved 1081344K
  class space    used 4319K, capacity 4557K, committed 4608K, reserved 1048576K
Event: 2263.890 GC heap after
Heap after GC invocations=48 (full 1):
 PSYoungGen      total 349696K, used 2406K [0x00000000d5c00000, 0x00000000f1b00000, 0x0000000100000000)
  eden space 347136K, 0% used [0x00000000d5c00000,0x00000000d5c00000,0x00000000eaf00000)
  from space 2560K, 94% used [0x00000000ef300000,0x00000000ef5599b8,0x00000000ef580000)
  to   space 22016K, 0% used [0x00000000f0580000,0x00000000f0580000,0x00000000f1b00000)
 ParOldGen       total 68096K, used 39178K [0x0000000081400000, 0x0000000085680000, 0x00000000d5c00000)
  object space 68096K, 57% used [0x0000000081400000,0x0000000083a42b00,0x0000000085680000)
 Metaspace       used 34632K, capacity 35214K, committed 35496K, reserved 1081344K
  class space    used 4319K, capacity 4557K, committed 4608K, reserved 1048576K
}
Event: 2263.890 GC heap before
{Heap before GC invocations=49 (full 2):
 PSYoungGen      total 349696K, used 2406K [0x00000000d5c00000, 0x00000000f1b00000, 0x0000000100000000)
  eden space 347136K, 0% used [0x00000000d5c00000,0x00000000d5c00000,0x00000000eaf00000)
  from space 2560K, 94% used [0x00000000ef300000,0x00000000ef5599b8,0x00000000ef580000)
  to   space 22016K, 0% used [0x00000000f0580000,0x00000000f0580000,0x00000000f1b00000)
 ParOldGen       total 68096K, used 39178K [0x0000000081400000, 0x0000000085680000, 0x00000000d5c00000)
  object space 68096K, 57% used [0x0000000081400000,0x0000000083a42b00,0x0000000085680000)
 Metaspace       used 34632K, capacity 35214K, committed 35496K, reserved 1081344K
  class space    used 4319K, capacity 4557K, committed 4608K, reserved 1048576K
Event: 2263.926 GC heap after
Heap after GC invocations=49 (full 2):
 PSYoungGen      total 349696K, used 0K [0x00000000d5c00000, 0x00000000f1b00000, 0x0000000100000000)
  eden space 347136K, 0% used [0x00000000d5c00000,0x00000000d5c00000,0x00000000eaf00000)
  from space 2560K, 0% used [0x00000000ef300000,0x00000000ef300000,0x00000000ef580000)
  to   space 22016K, 0% used [0x00000000f0580000,0x00000000f0580000,0x00000000f1b00000)
 ParOldGen       total 66560K, used 14020K [0x0000000081400000, 0x0000000085500000, 0x00000000d5c00000)
  object space 66560K, 21% used [0x0000000081400000,0x00000000821b11d0,0x0000000085500000)
 Metaspace       used 25047K, capacity 25432K, committed 31400K, reserved 1077248K
  class space    used 2923K, capacity 3086K, committed 4608K, reserved 1048576K
}

