# JRE version: Java(TM) SE Runtime Environment (8.0_141-b15) (build 1.8.0_141-b15)
# Java VM: Java HotSpot(TM) 64-Bit Server VM (25.141-b15 mixed mode windows-amd64 compressed oops)
Heap:
 PSYoungGen      total 493056K, used 9778K [0x00000000d5c00000, 0x00000000fcc00000, 0x0000000100000000)
  eden space 491008K, 1% used [0x00000000d5c00000,0x00000000d658c998,0x00000000f3b80000)
  from space 2048K, 0% used [0x00000000fa600000,0x00000000fa600000,0x00000000fa800000)
  to   space 30720K, 0% used [0x00000000fae00000,0x00000000fae00000,0x00000000fcc00000)
 ParOldGen       total 66048K, used 14093K [0x0000000081400000, 0x0000000085480000, 0x00000000d5c00000)
  object space 66048K, 21% used [0x0000000081400000,0x00000000821c3630,0x0000000085480000)
 Metaspace       used 25422K, capacity 25920K, committed 33448K, reserved 1079296K
  class space    used 3033K, capacity 3208K, committed 4608K, reserved 1048576K
GC Heap History (10 events):
Event: 519.581 GC heap before
{Heap before GC invocations=17 (full 1):
 PSYoungGen      total 608768K, used 608758K [0x00000000d5c00000, 0x00000000ff180000, 0x0000000100000000)
  eden space 592896K, 100% used [0x00000000d5c00000,0x00000000f9f00000,0x00000000f9f00000)
  from space 15872K, 99% used [0x00000000fd280000,0x00000000fe1fdac8,0x00000000fe200000)
  to   space 15872K, 0% used [0x00000000fe200000,0x00000000fe200000,0x00000000ff180000)
 ParOldGen       total 65536K, used 28346K [0x0000000081400000, 0x0000000085400000, 0x00000000d5c00000)
  object space 65536K, 43% used [0x0000000081400000,0x0000000082faebb0,0x0000000085400000)
 Metaspace       used 28935K, capacity 29544K, committed 29952K, reserved 1075200K
  class space    used 3564K, capacity 3768K, committed 3840K, reserved 1048576K
Event: 519.603 GC heap after
Heap after GC invocations=17 (full 1):
 PSYoungGen      total 581120K, used 15846K [0x00000000d5c00000, 0x00000000ff180000, 0x0000000100000000)
  eden space 565248K, 0% used [0x00000000d5c00000,0x00000000d5c00000,0x00000000f8400000)
  from space 15872K, 99% used [0x00000000fe200000,0x00000000ff179b28,0x00000000ff180000)
  to   space 27648K, 0% used [0x00000000fbb80000,0x00000000fbb80000,0x00000000fd680000)
 ParOldGen       total 65536K, used 38876K [0x0000000081400000, 0x0000000085400000, 0x00000000d5c00000)
  object space 65536K, 59% used [0x0000000081400000,0x00000000839f7240,0x0000000085400000)
 Metaspace       used 28935K, capacity 29544K, committed 29952K, reserved 1075200K
  class space    used 3564K, capacity 3768K, committed 3840K, reserved 1048576K
}
Event: 532.131 GC heap before
{Heap before GC invocations=18 (full 1):
 PSYoungGen      total 581120K, used 581094K [0x00000000d5c00000, 0x00000000ff180000, 0x0000000100000000)
  eden space 565248K, 100% used [0x00000000d5c00000,0x00000000f8400000,0x00000000f8400000)
  from space 15872K, 99% used [0x00000000fe200000,0x00000000ff179b28,0x00000000ff180000)
  to   space 27648K, 0% used [0x00000000fbb80000,0x00000000fbb80000,0x00000000fd680000)
 ParOldGen       total 65536K, used 38876K [0x0000000081400000, 0x0000000085400000, 0x00000000d5c00000)
  object space 65536K, 59% used [0x0000000081400000,0x00000000839f7240,0x0000000085400000)
 Metaspace       used 33595K, capacity 34280K, committed 34688K, reserved 1079296K
  class space    used 4235K, capacity 4460K, committed 4480K, reserved 1048576K
Event: 532.151 GC heap after
Heap after GC invocations=18 (full 1):
 PSYoungGen      total 555520K, used 16196K [0x00000000d5c00000, 0x00000000fe280000, 0x0000000100000000)
  eden space 539136K, 0% used [0x00000000d5c00000,0x00000000d5c00000,0x00000000f6a80000)
  from space 16384K, 98% used [0x00000000fbb80000,0x00000000fcb51068,0x00000000fcb80000)
  to   space 23552K, 0% used [0x00000000fcb80000,0x00000000fcb80000,0x00000000fe280000)
 ParOldGen       total 65536K, used 40244K [0x0000000081400000, 0x0000000085400000, 0x00000000d5c00000)
  object space 65536K, 61% used [0x0000000081400000,0x0000000083b4d3d0,0x0000000085400000)
 Metaspace       used 33595K, capacity 34280K, committed 34688K, reserved 1079296K
  class space    used 4235K, capacity 4460K, committed 4480K, reserved 1048576K
}
Event: 533.893 GC heap before
{Heap before GC invocations=19 (full 1):
 PSYoungGen      total 555520K, used 555332K [0x00000000d5c00000, 0x00000000fe280000, 0x0000000100000000)
  eden space 539136K, 100% used [0x00000000d5c00000,0x00000000f6a80000,0x00000000f6a80000)
  from space 16384K, 98% used [0x00000000fbb80000,0x00000000fcb51068,0x00000000fcb80000)
  to   space 23552K, 0% used [0x00000000fcb80000,0x00000000fcb80000,0x00000000fe280000)
 ParOldGen       total 65536K, used 40244K [0x0000000081400000, 0x0000000085400000, 0x00000000d5c00000)
  object space 65536K, 61% used [0x0000000081400000,0x0000000083b4d3d0,0x0000000085400000)
 Metaspace       used 33660K, capacity 34280K, committed 34688K, reserved 1079296K
  class space    used 4235K, capacity 4460K, committed 4480K, reserved 1048576K
Event: 533.918 GC heap after
Heap after GC invocations=19 (full 1):
 PSYoungGen      total 537600K, used 23022K [0x00000000d5c00000, 0x00000000fe200000, 0x0000000100000000)
  eden space 514560K, 0% used [0x00000000d5c00000,0x00000000d5c00000,0x00000000f5280000)
  from space 23040K, 99% used [0x00000000fcb80000,0x00000000fe1fb818,0x00000000fe200000)
  to   space 30720K, 0% used [0x00000000fa600000,0x00000000fa600000,0x00000000fc400000)
 ParOldGen       total 65536K, used 40252K [0x0000000081400000, 0x0000000085400000, 0x00000000d5c00000)
  object space 65536K, 61% used [0x0000000081400000,0x0000000083b4f3d0,0x0000000085400000)
 Metaspace       used 33660K, capacity 34280K, committed 34688K, reserved 1079296K
  class space    used 4235K, capacity 4460K, committed 4480K, reserved 1048576K
}
Event: 534.217 GC heap before
{Heap before GC invocations=20 (full 1):
 PSYoungGen      total 537600K, used 100358K [0x00000000d5c00000, 0x00000000fe200000, 0x0000000100000000)
  eden space 514560K, 15% used [0x00000000d5c00000,0x00000000da7860a0,0x00000000f5280000)
  from space 23040K, 99% used [0x00000000fcb80000,0x00000000fe1fb818,0x00000000fe200000)
  to   space 30720K, 0% used [0x00000000fa600000,0x00000000fa600000,0x00000000fc400000)
 ParOldGen       total 65536K, used 40252K [0x0000000081400000, 0x0000000085400000, 0x00000000d5c00000)
  object space 65536K, 61% used [0x0000000081400000,0x0000000083b4f3d0,0x0000000085400000)
 Metaspace       used 34558K, capacity 35182K, committed 35496K, reserved 1081344K
  class space    used 4364K, capacity 4589K, committed 4608K, reserved 1048576K
Event: 534.222 GC heap after
Heap after GC invocations=20 (full 1):
 PSYoungGen      total 493056K, used 1715K [0x00000000d5c00000, 0x00000000fcc00000, 0x0000000100000000)
  eden space 491008K, 0% used [0x00000000d5c00000,0x00000000d5c00000,0x00000000f3b80000)
  from space 2048K, 83% used [0x00000000fa600000,0x00000000fa7acf68,0x00000000fa800000)
  to   space 30720K, 0% used [0x00000000fae00000,0x00000000fae00000,0x00000000fcc00000)
 ParOldGen       total 65536K, used 41860K [0x0000000081400000, 0x0000000085400000, 0x00000000d5c00000)
  object space 65536K, 63% used [0x0000000081400000,0x0000000083ce11e0,0x0000000085400000)
 Metaspace       used 34558K, capacity 35182K, committed 35496K, reserved 1081344K
  class space    used 4364K, capacity 4589K, committed 4608K, reserved 1048576K
}
Event: 534.222 GC heap before
{Heap before GC invocations=21 (full 2):
 PSYoungGen      total 493056K, used 1715K [0x00000000d5c00000, 0x00000000fcc00000, 0x0000000100000000)
  eden space 491008K, 0% used [0x00000000d5c00000,0x00000000d5c00000,0x00000000f3b80000)
  from space 2048K, 83% used [0x00000000fa600000,0x00000000fa7acf68,0x00000000fa800000)
  to   space 30720K, 0% used [0x00000000fae00000,0x00000000fae00000,0x00000000fcc00000)
 ParOldGen       total 65536K, used 41860K [0x0000000081400000, 0x0000000085400000, 0x00000000d5c00000)
  object space 65536K, 63% used [0x0000000081400000,0x0000000083ce11e0,0x0000000085400000)
 Metaspace       used 34558K, capacity 35182K, committed 35496K, reserved 1081344K
  class space    used 4364K, capacity 4589K, committed 4608K, reserved 1048576K
Event: 534.257 GC heap after
Heap after GC invocations=21 (full 2):
 PSYoungGen      total 493056K, used 0K [0x00000000d5c00000, 0x00000000fcc00000, 0x0000000100000000)
  eden space 491008K, 0% used [0x00000000d5c00000,0x00000000d5c00000,0x00000000f3b80000)
  from space 2048K, 0% used [0x00000000fa600000,0x00000000fa600000,0x00000000fa800000)
  to   space 30720K, 0% used [0x00000000fae00000,0x00000000fae00000,0x00000000fcc00000)
 ParOldGen       total 66048K, used 14093K [0x0000000081400000, 0x0000000085480000, 0x00000000d5c00000)
  object space 66048K, 21% used [0x0000000081400000,0x00000000821c3630,0x0000000085480000)
 Metaspace       used 25371K, capacity 25856K, committed 33448K, reserved 1079296K
  class space    used 3024K, capacity 3208K, committed 4608K, reserved 1048576K
}

